1754404139318	geckodriver	INFO	Listening on 127.0.0.1:49598
1754404139807	mozrunner::runner	INFO	Running command: MOZ_CRASHREPORTER="1" MOZ_CRASHREPORTER_NO_REPORT="1" MOZ_CRASHREPORTER_SHUTDOWN="1" "/Applications/Firefox. ... s" "localhost" "-foreground" "-no-remote" "-profile" "/var/folders/45/_6zmnwkn6638scvzx_7pz4_m0000gn/T/rust_mozprofile4pYavu"
console.warn: services.settings: Ignoring preference override of remote settings server
console.warn: services.settings: Allow by setting MOZ_REMOTE_SETTINGS_DEVTOOLS=1 in the environment
1754404140632	Marionette	INFO	Marionette enabled
console.error: "Warning: unrecognized command line flag" "-remote-allow-hosts"
1754404142127	Marionette	INFO	Listening on port 49609
WebDriver BiDi listening on ws://127.0.0.1:49599
Read port: 49609
1754404142356	RemoteAgent	WARN	TLS certificate errors will be ignored for this session
JavaScript warning: https://static.cdninstagram.com/rsrc.php/v4iwNk4/yt/l/es_ES/-K_MWwI6uya.js, line 85: WEBGL_debug_renderer_info is deprecated in Firefox and will be removed. Please use RENDERER.
console.warn: LoginRecipes: "Falling back to a synchronous message for: https://www.instagram.com."
console.warn: LoginRecipes: "Falling back to a synchronous message for: https://www.instagram.com."
JavaScript warning: https://static.cdninstagram.com/rsrc.php/v4i1Au4/yw/l/es_ES-j/-K_MWwI6uya.js, line 85: WEBGL_debug_renderer_info is deprecated in Firefox and will be removed. Please use RENDERER.
JavaScript warning: https://static.cdninstagram.com/rsrc.php/v4i1Au4/yw/l/es_ES-j/-K_MWwI6uya.js, line 85: WEBGL_debug_renderer_info is deprecated in Firefox and will be removed. Please use RENDERER.
JavaScript error: https://static.cdninstagram.com/rsrc.php/v4isa44/yN/l/es_ES-j/61SqxF9oQ2S.js, line 376: JSONParseError: Response contained invalid JSON.
Reason: JSON.parse: unexpected character at line 1 column 1 of the JSON data
<redacted in prod, use dev to see the text>
JavaScript error: https://static.cdninstagram.com/rsrc.php/v4isa44/yN/l/es_ES-j/61SqxF9oQ2S.js, line 376: JSONParseError: Response contained invalid JSON.
Reason: JSON.parse: unexpected character at line 1 column 1 of the JSON data
<redacted in prod, use dev to see the text>
JavaScript error: https://static.cdninstagram.com/rsrc.php/v4isa44/yN/l/es_ES-j/61SqxF9oQ2S.js, line 376: JSONParseError: Response contained invalid JSON.
Reason: JSON.parse: unexpected character at line 1 column 1 of the JSON data
<redacted in prod, use dev to see the text>
JavaScript error: https://static.cdninstagram.com/rsrc.php/v4isa44/yN/l/es_ES-j/61SqxF9oQ2S.js, line 376: JSONParseError: Response contained invalid JSON.
Reason: JSON.parse: unexpected character at line 1 column 1 of the JSON data
<redacted in prod, use dev to see the text>
JavaScript error: https://static.cdninstagram.com/rsrc.php/v4isa44/yN/l/es_ES-j/61SqxF9oQ2S.js, line 376: JSONParseError: Response contained invalid JSON.
Reason: JSON.parse: unexpected character at line 1 column 1 of the JSON data
<redacted in prod, use dev to see the text>
JavaScript error: https://static.cdninstagram.com/rsrc.php/v4isa44/yN/l/es_ES-j/61SqxF9oQ2S.js, line 376: JSONParseError: Response contained invalid JSON.
Reason: JSON.parse: unexpected character at line 1 column 1 of the JSON data
<redacted in prod, use dev to see the text>
JavaScript error: https://static.cdninstagram.com/rsrc.php/v4isa44/yN/l/es_ES-j/61SqxF9oQ2S.js, line 376: JSONParseError: Response contained invalid JSON.
Reason: JSON.parse: unexpected character at line 1 column 1 of the JSON data
<redacted in prod, use dev to see the text>
JavaScript error: https://static.cdninstagram.com/rsrc.php/v4isa44/yN/l/es_ES-j/61SqxF9oQ2S.js, line 376: JSONParseError: Response contained invalid JSON.
Reason: JSON.parse: unexpected character at line 1 column 1 of the JSON data
<redacted in prod, use dev to see the text>
JavaScript error: https://static.cdninstagram.com/rsrc.php/v4isa44/yN/l/es_ES-j/61SqxF9oQ2S.js, line 376: JSONParseError: Response contained invalid JSON.
Reason: JSON.parse: unexpected character at line 1 column 1 of the JSON data
<redacted in prod, use dev to see the text>
JavaScript error: https://static.cdninstagram.com/rsrc.php/v4isa44/yN/l/es_ES-j/61SqxF9oQ2S.js, line 376: JSONParseError: Response contained invalid JSON.
Reason: JSON.parse: unexpected character at line 1 column 1 of the JSON data
<redacted in prod, use dev to see the text>
JavaScript error: https://static.cdninstagram.com/rsrc.php/v4isa44/yN/l/es_ES-j/61SqxF9oQ2S.js, line 376: JSONParseError: Response contained invalid JSON.
Reason: JSON.parse: unexpected character at line 1 column 1 of the JSON data
<redacted in prod, use dev to see the text>
JavaScript error: https://static.cdninstagram.com/rsrc.php/v4isa44/yN/l/es_ES-j/61SqxF9oQ2S.js, line 376: JSONParseError: Response contained invalid JSON.
Reason: JSON.parse: unexpected character at line 1 column 1 of the JSON data
<redacted in prod, use dev to see the text>
JavaScript error: https://static.cdninstagram.com/rsrc.php/v4isa44/yN/l/es_ES-j/61SqxF9oQ2S.js, line 376: JSONParseError: Response contained invalid JSON.
Reason: JSON.parse: unexpected character at line 1 column 1 of the JSON data
<redacted in prod, use dev to see the text>
JavaScript error: https://static.cdninstagram.com/rsrc.php/v4isa44/yN/l/es_ES-j/61SqxF9oQ2S.js, line 376: JSONParseError: Response contained invalid JSON.
Reason: JSON.parse: unexpected character at line 1 column 1 of the JSON data
<redacted in prod, use dev to see the text>
JavaScript error: https://static.cdninstagram.com/rsrc.php/v4isa44/yN/l/es_ES-j/61SqxF9oQ2S.js, line 376: JSONParseError: Response contained invalid JSON.
Reason: JSON.parse: unexpected character at line 1 column 1 of the JSON data
<redacted in prod, use dev to see the text>
JavaScript error: https://static.cdninstagram.com/rsrc.php/v4isa44/yN/l/es_ES-j/61SqxF9oQ2S.js, line 376: JSONParseError: Response contained invalid JSON.
Reason: JSON.parse: unexpected character at line 1 column 1 of the JSON data
<redacted in prod, use dev to see the text>
JavaScript error: https://static.cdninstagram.com/rsrc.php/v4isa44/yN/l/es_ES-j/61SqxF9oQ2S.js, line 376: JSONParseError: Response contained invalid JSON.
Reason: JSON.parse: unexpected character at line 1 column 1 of the JSON data
<redacted in prod, use dev to see the text>
JavaScript error: https://static.cdninstagram.com/rsrc.php/v4isa44/yN/l/es_ES-j/61SqxF9oQ2S.js, line 376: JSONParseError: Response contained invalid JSON.
Reason: JSON.parse: unexpected character at line 1 column 1 of the JSON data
<redacted in prod, use dev to see the text>
JavaScript error: https://static.cdninstagram.com/rsrc.php/v4isa44/yN/l/es_ES-j/61SqxF9oQ2S.js, line 376: JSONParseError: Response contained invalid JSON.
Reason: JSON.parse: unexpected character at line 1 column 1 of the JSON data
<redacted in prod, use dev to see the text>
JavaScript error: https://static.cdninstagram.com/rsrc.php/v4isa44/yN/l/es_ES-j/61SqxF9oQ2S.js, line 376: JSONParseError: Response contained invalid JSON.
Reason: JSON.parse: unexpected character at line 1 column 1 of the JSON data
<redacted in prod, use dev to see the text>
JavaScript error: https://static.cdninstagram.com/rsrc.php/v4isa44/yN/l/es_ES-j/61SqxF9oQ2S.js, line 376: JSONParseError: Response contained invalid JSON.
Reason: JSON.parse: unexpected character at line 1 column 1 of the JSON data
<redacted in prod, use dev to see the text>
JavaScript error: https://static.cdninstagram.com/rsrc.php/v4isa44/yN/l/es_ES-j/61SqxF9oQ2S.js, line 376: JSONParseError: Response contained invalid JSON.
Reason: JSON.parse: unexpected character at line 1 column 1 of the JSON data
<redacted in prod, use dev to see the text>
JavaScript error: https://static.cdninstagram.com/rsrc.php/v4isa44/yN/l/es_ES-j/61SqxF9oQ2S.js, line 376: JSONParseError: Response contained invalid JSON.
Reason: JSON.parse: unexpected character at line 1 column 1 of the JSON data
<redacted in prod, use dev to see the text>
JavaScript error: https://static.cdninstagram.com/rsrc.php/v4isa44/yN/l/es_ES-j/61SqxF9oQ2S.js, line 376: JSONParseError: Response contained invalid JSON.
Reason: JSON.parse: unexpected character at line 1 column 1 of the JSON data
<redacted in prod, use dev to see the text>
JavaScript error: https://static.cdninstagram.com/rsrc.php/v4isa44/yN/l/es_ES-j/61SqxF9oQ2S.js, line 376: JSONParseError: Response contained invalid JSON.
Reason: JSON.parse: unexpected character at line 1 column 1 of the JSON data
<redacted in prod, use dev to see the text>
JavaScript error: https://static.cdninstagram.com/rsrc.php/v4isa44/yN/l/es_ES-j/61SqxF9oQ2S.js, line 376: JSONParseError: Response contained invalid JSON.
Reason: JSON.parse: unexpected character at line 1 column 1 of the JSON data
<redacted in prod, use dev to see the text>
JavaScript error: https://static.cdninstagram.com/rsrc.php/v4isa44/yN/l/es_ES-j/61SqxF9oQ2S.js, line 376: JSONParseError: Response contained invalid JSON.
Reason: JSON.parse: unexpected character at line 1 column 1 of the JSON data
<redacted in prod, use dev to see the text>
JavaScript error: https://static.cdninstagram.com/rsrc.php/v4isa44/yN/l/es_ES-j/61SqxF9oQ2S.js, line 376: JSONParseError: Response contained invalid JSON.
Reason: JSON.parse: unexpected character at line 1 column 1 of the JSON data
<redacted in prod, use dev to see the text>
JavaScript error: https://static.cdninstagram.com/rsrc.php/v4isa44/yN/l/es_ES-j/61SqxF9oQ2S.js, line 376: JSONParseError: Response contained invalid JSON.
Reason: JSON.parse: unexpected character at line 1 column 1 of the JSON data
<redacted in prod, use dev to see the text>
JavaScript error: https://static.cdninstagram.com/rsrc.php/v4isa44/yN/l/es_ES-j/61SqxF9oQ2S.js, line 376: JSONParseError: Response contained invalid JSON.
Reason: JSON.parse: unexpected character at line 1 column 1 of the JSON data
<redacted in prod, use dev to see the text>
JavaScript error: https://static.cdninstagram.com/rsrc.php/v4isa44/yN/l/es_ES-j/61SqxF9oQ2S.js, line 376: JSONParseError: Response contained invalid JSON.
Reason: JSON.parse: unexpected character at line 1 column 1 of the JSON data
<redacted in prod, use dev to see the text>
JavaScript error: https://static.cdninstagram.com/rsrc.php/v4isa44/yN/l/es_ES-j/61SqxF9oQ2S.js, line 376: JSONParseError: Response contained invalid JSON.
Reason: JSON.parse: unexpected character at line 1 column 1 of the JSON data
<redacted in prod, use dev to see the text>
JavaScript error: https://static.cdninstagram.com/rsrc.php/v4isa44/yN/l/es_ES-j/61SqxF9oQ2S.js, line 376: JSONParseError: Response contained invalid JSON.
Reason: JSON.parse: unexpected character at line 1 column 1 of the JSON data
<redacted in prod, use dev to see the text>
JavaScript error: https://static.cdninstagram.com/rsrc.php/v4isa44/yN/l/es_ES-j/61SqxF9oQ2S.js, line 376: JSONParseError: Response contained invalid JSON.
Reason: JSON.parse: unexpected character at line 1 column 1 of the JSON data
<redacted in prod, use dev to see the text>
JavaScript error: https://static.cdninstagram.com/rsrc.php/v4isa44/yN/l/es_ES-j/61SqxF9oQ2S.js, line 376: JSONParseError: Response contained invalid JSON.
Reason: JSON.parse: unexpected character at line 1 column 1 of the JSON data
<redacted in prod, use dev to see the text>
JavaScript error: https://static.cdninstagram.com/rsrc.php/v4isa44/yN/l/es_ES-j/61SqxF9oQ2S.js, line 376: JSONParseError: Response contained invalid JSON.
Reason: JSON.parse: unexpected character at line 1 column 1 of the JSON data
<redacted in prod, use dev to see the text>
JavaScript error: https://static.cdninstagram.com/rsrc.php/v4isa44/yN/l/es_ES-j/61SqxF9oQ2S.js, line 376: JSONParseError: Response contained invalid JSON.
Reason: JSON.parse: unexpected character at line 1 column 1 of the JSON data
<redacted in prod, use dev to see the text>
JavaScript error: https://static.cdninstagram.com/rsrc.php/v4isa44/yN/l/es_ES-j/61SqxF9oQ2S.js, line 376: JSONParseError: Response contained invalid JSON.
Reason: JSON.parse: unexpected character at line 1 column 1 of the JSON data
<redacted in prod, use dev to see the text>
JavaScript error: https://static.cdninstagram.com/rsrc.php/v4isa44/yN/l/es_ES-j/61SqxF9oQ2S.js, line 376: JSONParseError: Response contained invalid JSON.
Reason: JSON.parse: unexpected character at line 1 column 1 of the JSON data
<redacted in prod, use dev to see the text>
JavaScript error: https://static.cdninstagram.com/rsrc.php/v4isa44/yN/l/es_ES-j/61SqxF9oQ2S.js, line 376: JSONParseError: Response contained invalid JSON.
Reason: JSON.parse: unexpected character at line 1 column 1 of the JSON data
<redacted in prod, use dev to see the text>
JavaScript error: https://static.cdninstagram.com/rsrc.php/v4isa44/yN/l/es_ES-j/61SqxF9oQ2S.js, line 376: JSONParseError: Response contained invalid JSON.
Reason: JSON.parse: unexpected character at line 1 column 1 of the JSON data
<redacted in prod, use dev to see the text>
JavaScript error: https://static.cdninstagram.com/rsrc.php/v4isa44/yN/l/es_ES-j/61SqxF9oQ2S.js, line 376: JSONParseError: Response contained invalid JSON.
Reason: JSON.parse: unexpected character at line 1 column 1 of the JSON data
<redacted in prod, use dev to see the text>
JavaScript error: https://static.cdninstagram.com/rsrc.php/v4isa44/yN/l/es_ES-j/61SqxF9oQ2S.js, line 376: JSONParseError: Response contained invalid JSON.
Reason: JSON.parse: unexpected character at line 1 column 1 of the JSON data
<redacted in prod, use dev to see the text>
JavaScript error: https://static.cdninstagram.com/rsrc.php/v4isa44/yN/l/es_ES-j/61SqxF9oQ2S.js, line 376: JSONParseError: Response contained invalid JSON.
Reason: JSON.parse: unexpected character at line 1 column 1 of the JSON data
<redacted in prod, use dev to see the text>
JavaScript error: https://static.cdninstagram.com/rsrc.php/v4isa44/yN/l/es_ES-j/61SqxF9oQ2S.js, line 376: JSONParseError: Response contained invalid JSON.
Reason: JSON.parse: unexpected character at line 1 column 1 of the JSON data
<redacted in prod, use dev to see the text>
JavaScript error: https://static.cdninstagram.com/rsrc.php/v4isa44/yN/l/es_ES-j/61SqxF9oQ2S.js, line 376: JSONParseError: Response contained invalid JSON.
Reason: JSON.parse: unexpected character at line 1 column 1 of the JSON data
<redacted in prod, use dev to see the text>
JavaScript error: https://static.cdninstagram.com/rsrc.php/v4isa44/yN/l/es_ES-j/61SqxF9oQ2S.js, line 376: JSONParseError: Response contained invalid JSON.
Reason: JSON.parse: unexpected character at line 1 column 1 of the JSON data
<redacted in prod, use dev to see the text>
JavaScript error: https://static.cdninstagram.com/rsrc.php/v4isa44/yN/l/es_ES-j/61SqxF9oQ2S.js, line 376: JSONParseError: Response contained invalid JSON.
Reason: JSON.parse: unexpected character at line 1 column 1 of the JSON data
<redacted in prod, use dev to see the text>
JavaScript error: https://static.cdninstagram.com/rsrc.php/v4isa44/yN/l/es_ES-j/61SqxF9oQ2S.js, line 376: JSONParseError: Response contained invalid JSON.
Reason: JSON.parse: unexpected character at line 1 column 1 of the JSON data
<redacted in prod, use dev to see the text>
JavaScript error: https://static.cdninstagram.com/rsrc.php/v4isa44/yN/l/es_ES-j/61SqxF9oQ2S.js, line 376: JSONParseError: Response contained invalid JSON.
Reason: JSON.parse: unexpected character at line 1 column 1 of the JSON data
<redacted in prod, use dev to see the text>
JavaScript error: https://static.cdninstagram.com/rsrc.php/v4isa44/yN/l/es_ES-j/61SqxF9oQ2S.js, line 376: JSONParseError: Response contained invalid JSON.
Reason: JSON.parse: unexpected character at line 1 column 1 of the JSON data
<redacted in prod, use dev to see the text>
JavaScript error: https://static.cdninstagram.com/rsrc.php/v4isa44/yN/l/es_ES-j/61SqxF9oQ2S.js, line 376: JSONParseError: Response contained invalid JSON.
Reason: JSON.parse: unexpected character at line 1 column 1 of the JSON data
<redacted in prod, use dev to see the text>
JavaScript error: https://static.cdninstagram.com/rsrc.php/v4isa44/yN/l/es_ES-j/61SqxF9oQ2S.js, line 376: JSONParseError: Response contained invalid JSON.
Reason: JSON.parse: unexpected character at line 1 column 1 of the JSON data
<redacted in prod, use dev to see the text>
JavaScript error: https://static.cdninstagram.com/rsrc.php/v4isa44/yN/l/es_ES-j/61SqxF9oQ2S.js, line 376: JSONParseError: Response contained invalid JSON.
Reason: JSON.parse: unexpected character at line 1 column 1 of the JSON data
<redacted in prod, use dev to see the text>
JavaScript error: https://static.cdninstagram.com/rsrc.php/v4isa44/yN/l/es_ES-j/61SqxF9oQ2S.js, line 376: JSONParseError: Response contained invalid JSON.
Reason: JSON.parse: unexpected character at line 1 column 1 of the JSON data
<redacted in prod, use dev to see the text>
JavaScript error: https://static.cdninstagram.com/rsrc.php/v4isa44/yN/l/es_ES-j/61SqxF9oQ2S.js, line 376: JSONParseError: Response contained invalid JSON.
Reason: JSON.parse: unexpected character at line 1 column 1 of the JSON data
<redacted in prod, use dev to see the text>
JavaScript error: https://static.cdninstagram.com/rsrc.php/v4isa44/yN/l/es_ES-j/61SqxF9oQ2S.js, line 376: JSONParseError: Response contained invalid JSON.
Reason: JSON.parse: unexpected character at line 1 column 1 of the JSON data
<redacted in prod, use dev to see the text>
JavaScript error: https://static.cdninstagram.com/rsrc.php/v4isa44/yN/l/es_ES-j/61SqxF9oQ2S.js, line 376: JSONParseError: Response contained invalid JSON.
Reason: JSON.parse: unexpected character at line 1 column 1 of the JSON data
<redacted in prod, use dev to see the text>
JavaScript error: https://static.cdninstagram.com/rsrc.php/v4isa44/yN/l/es_ES-j/61SqxF9oQ2S.js, line 376: JSONParseError: Response contained invalid JSON.
Reason: JSON.parse: unexpected character at line 1 column 1 of the JSON data
<redacted in prod, use dev to see the text>
JavaScript error: https://static.cdninstagram.com/rsrc.php/v4isa44/yN/l/es_ES-j/61SqxF9oQ2S.js, line 376: JSONParseError: Response contained invalid JSON.
Reason: JSON.parse: unexpected character at line 1 column 1 of the JSON data
<redacted in prod, use dev to see the text>
JavaScript error: https://static.cdninstagram.com/rsrc.php/v4isa44/yN/l/es_ES-j/61SqxF9oQ2S.js, line 376: JSONParseError: Response contained invalid JSON.
Reason: JSON.parse: unexpected character at line 1 column 1 of the JSON data
<redacted in prod, use dev to see the text>
JavaScript error: https://static.cdninstagram.com/rsrc.php/v4isa44/yN/l/es_ES-j/61SqxF9oQ2S.js, line 376: JSONParseError: Response contained invalid JSON.
Reason: JSON.parse: unexpected character at line 1 column 1 of the JSON data
<redacted in prod, use dev to see the text>
JavaScript error: https://static.cdninstagram.com/rsrc.php/v4isa44/yN/l/es_ES-j/61SqxF9oQ2S.js, line 376: JSONParseError: Response contained invalid JSON.
Reason: JSON.parse: unexpected character at line 1 column 1 of the JSON data
<redacted in prod, use dev to see the text>
JavaScript error: https://static.cdninstagram.com/rsrc.php/v4isa44/yN/l/es_ES-j/61SqxF9oQ2S.js, line 376: JSONParseError: Response contained invalid JSON.
Reason: JSON.parse: unexpected character at line 1 column 1 of the JSON data
<redacted in prod, use dev to see the text>
JavaScript error: https://static.cdninstagram.com/rsrc.php/v4isa44/yN/l/es_ES-j/61SqxF9oQ2S.js, line 376: JSONParseError: Response contained invalid JSON.
Reason: JSON.parse: unexpected character at line 1 column 1 of the JSON data
<redacted in prod, use dev to see the text>
JavaScript error: https://static.cdninstagram.com/rsrc.php/v4isa44/yN/l/es_ES-j/61SqxF9oQ2S.js, line 376: JSONParseError: Response contained invalid JSON.
Reason: JSON.parse: unexpected character at line 1 column 1 of the JSON data
<redacted in prod, use dev to see the text>
JavaScript error: https://static.cdninstagram.com/rsrc.php/v4isa44/yN/l/es_ES-j/61SqxF9oQ2S.js, line 376: JSONParseError: Response contained invalid JSON.
Reason: JSON.parse: unexpected character at line 1 column 1 of the JSON data
<redacted in prod, use dev to see the text>
JavaScript error: https://static.cdninstagram.com/rsrc.php/v4isa44/yN/l/es_ES-j/61SqxF9oQ2S.js, line 376: JSONParseError: Response contained invalid JSON.
Reason: JSON.parse: unexpected character at line 1 column 1 of the JSON data
<redacted in prod, use dev to see the text>
1754404333447	Marionette	INFO	Stopped listening on port 49609
JavaScript warning: https://static.cdninstagram.com/rsrc.php/v4iDts4/yq/l/es_ES-j/QSi_z6GKT1DsNm4OtLLJfDtfOfp6ZAT4hmDtIelFi_WMMGfzNlCAPj4Ai2x76EHLF1ebPGwKpaZY6cgrQ73zlF32L3IspHXMumd9Ci4Ds99tvGYO8bKu-ZGWi6Y1nExrOTSCGHRwXQuKR3mwuAtyC21nNIXxCesgf7zuje67dfUkZo5z.js, line 1001: Script terminated by timeout at:
b@https://static.cdninstagram.com/rsrc.php/v4iDts4/yq/l/es_ES-j/QSi_z6GKT1DsNm4OtLLJfDtfOfp6ZAT4hmDtIelFi_WMMGfzNlCAPj4Ai2x76EHLF1ebPGwKpaZY6cgrQ73zlF32L3IspHXMumd9Ci4Ds99tvGYO8bKu-ZGWi6Y1nExrOTSCGHRwXQuKR3mwuAtyC21nNIXxCesgf7zuje67dfUkZo5z.js:1001:448
g@https://static.cdninstagram.com/rsrc.php/v4iDts4/yq/l/es_ES-j/QSi_z6GKT1DsNm4OtLLJfDtfOfp6ZAT4hmDtIelFi_WMMGfzNlCAPj4Ai2x76EHLF1ebPGwKpaZY6cgrQ73zlF32L3IspHXMumd9Ci4Ds99tvGYO8bKu-ZGWi6Y1nExrOTSCGHRwXQuKR3mwuAtyC21nNIXxCesgf7zuje67dfUkZo5z.js:1001:2435
value@https://static.cdninstagram.com/rsrc.php/v4iDts4/yq/l/es_ES-j/QSi_z6GKT1DsNm4OtLLJfDtfOfp6ZAT4hmDtIelFi_WMMGfzNlCAPj4Ai2x76EHLF1ebPGwKpaZY6cgrQ73zlF32L3IspHXMumd9Ci4Ds99tvGYO8bKu-ZGWi6Y1nExrOTSCGHRwXQuKR3mwuAtyC21nNIXxCesgf7zuje67dfUkZo5z.js:1001:15805
value@https://static.cdninstagram.com/rsrc.php/v4iDts4/yq/l/es_ES-j/QSi_z6GKT1DsNm4OtLLJfDtfOfp6ZAT4hmDtIelFi_WMMGfzNlCAPj4Ai2x76EHLF1ebPGwKpaZY6cgrQ73zlF32L3IspHXMumd9Ci4Ds99tvGYO8bKu-ZGWi6Y1nExrOTSCGHRwXQuKR3mwuAtyC21nNIXxCesgf7zuje67dfUkZo5z.js:1001:6155
m@https://static.cdninstagram.com/rsrc.php/v4iDts4/yq/l/es_ES-j/QSi_z6GKT1DsNm4OtLLJfDtfOfp6ZAT4hmDtIelFi_WMMGfzNlCAPj4Ai2x76EHLF1ebPGwKpaZY6cgrQ73zlF32L3IspHXMumd9Ci4Ds99tvGYO8bKu-ZGWi6Y1nExrOTSCGHRwXQuKR3mwuAtyC21nNIXxCesgf7zuje67dfUkZo5z.js:495:1430
p@https://static.cdninstagram.com/rsrc.php/v4iDts4/yq/l/es_ES-j/QSi_z6GKT1DsNm4OtLLJfDtfOfp6ZAT4hmDtIelFi_WMMGfzNlCAPj4Ai2x76EHLF1ebPGwKpaZY6cgrQ73zlF32L3IspHXMumd9Ci4Ds99tvGYO8bKu-ZGWi6Y1nExrOTSCGHRwXQuKR3mwuAtyC21nNIXxCesgf7zuje67dfUkZo5z.js:495:4532
i@https://static.cdninstagram.com/rsrc.php/v4iDts4/yq/l/es_ES-j/QSi_z6GKT1DsNm4OtLLJfDtfOfp6ZAT4hmDtIelFi_WMMGfzNlCAPj4Ai2x76EHLF1ebPGwKpaZY6cgrQ73zlF32L3IspHXMumd9Ci4Ds99tvGYO8bKu-ZGWi6Y1nExrOTSCGHRwXQuKR3mwuAtyC21nNIXxCesgf7zuje67dfUkZo5z.js:1005:554
e.$24@https://static.cdninstagram.com/rsrc.php/v4iDts4/yq/l/es_ES-j/QSi_z6GKT1DsNm4OtLLJfDtfOfp6ZAT4hmDtIelFi_WMMGfzNlCAPj4Ai2x76EHLF1ebPGwKpaZY6cgrQ73zlF32L3IspHXMumd9Ci4Ds99tvGYO8bKu-ZGWi6Y1nExrOTSCGHRwXQuKR3mwuAtyC21nNIXxCesgf7zuje67dfUkZo5z.js:498:7171
e.amendWithAck@https://static.cdninstagram.com/rsrc.php/v4iDts4/yq/l/es_ES-j/QSi_z6GKT1DsNm4OtLLJfDtfOfp6ZAT4hmDtIelFi_WMMGfzNlCAPj4Ai2x76EHLF1ebPGwKpaZY6cgrQ73zlF32L3IspHXMumd9Ci4Ds99tvGYO8bKu-ZGWi6Y1nExrOTSCGHRwXQuKR3mwuAtyC21nNIXxCesgf7zuje67dfUkZo5z.js:498:4088
log@https://static.cdninstagram.com/rsrc.php/v4isHl4/yn/l/es_ES-j/ckI_9Ix6GBF-0L0lJcYrrTmbNRfjw6sBx_XYK48U8VGRQGB-GETEwxKow80mo9qTtzuagYfb5DQrLn7C0sw25CzMrOBntOJoNgmWk1ymQg_olv8l7MaJDp5IvTp1YugJNy8-VFJcL9Q9C5ewC2xIGhUAnW1Set1c-r4kYVxbbj_dZe1-dwWRP9Csl6dATG_KZPN0u-7elMCCRhk6NqC4yFZDpUV2zrrtR-qoiqvohDSJLSS6HDopZYkz3vww-.js:1293:5667
N/<@https://static.cdninstagram.com/rsrc.php/v4isHl4/yn/l/es_ES-j/ckI_9Ix6GBF-0L0lJcYrrTmbNRfjw6sBx_XYK48U8VGRQGB-GETEwxKow80mo9qTtzuagYfb5DQrLn7C0sw25CzMrOBntOJoNgmWk1ymQg_olv8l7MaJDp5IvTp1YugJNy8-VFJcL9Q9C5ewC2xIGhUAnW1Set1c-r4kYVxbbj_dZe1-dwWRP9Csl6dATG_KZPN0u-7elMCCRhk6NqC4yFZDpUV2zrrtR-qoiqvohDSJLSS6HDopZYkz3vww-.js:1293:1647
ea/<@https://static.cdninstagram.com/rsrc.php/v4isHl4/yn/l/es_ES-j/ckI_9Ix6GBF-0L0lJcYrrTmbNRfjw6sBx_XYK48U8VGRQGB-GETEwxKow80mo9qTtzuagYfb5DQrLn7C0sw25CzMrOBntOJoNgmWk1ymQg_olv8l7MaJDp5IvTp1YugJNy8-VFJcL9Q9C5ewC2xIGhUAnW1Set1c-r4kYVxbbj_dZe1-dwWRP9Csl6dATG_KZPN0u-7elMCCRhk6NqC4yFZDpUV2zrrtR-qoiqvohDSJLSS6HDopZYkz3vww-.js:1293:5509
b.enqueue@https://static.cdninstagram.com/rsrc.php/v4isHl4/yn/l/es_ES-j/ckI_9Ix6GBF-0L0lJcYrrTmbNRfjw6sBx_XYK48U8VGRQGB-GETEwxKow80mo9qTtzuagYfb5DQrLn7C0sw25CzMrOBntOJoNgmWk1ymQg_olv8l7MaJDp5IvTp1YugJNy8-VFJcL9Q9C5ewC2xIGhUAnW1Set1c-r4kYVxbbj_dZe1-dwWRP9Csl6dATG_KZPN0u-7elMCCRhk6NqC4yFZDpUV2zrrtR-qoiqvohDSJLSS6HDopZYkz3vww-.js:1292:665
N@https://static.cdninstagram.com/rsrc.php/v4isHl4/yn/l/es_ES-j/ckI_9Ix6GBF-0L0lJcYrrTmbNRfjw6sBx_XYK48U8VGRQGB-GETEwxKow80mo9qTtzuagYfb5DQrLn7C0sw25CzMrOBntOJoNgmWk1ymQg_olv8l7MaJDp5IvTp1YugJNy8-VFJcL9Q9C5ewC2xIGhUAnW1Set1c-r4kYVxbbj_dZe1-dwWRP9Csl6dATG_KZPN0u-7elMCCRhk6NqC4yFZDpUV2zrrtR-qoiqvohDSJLSS6HDopZYkz3vww-.js:1293:1618
e/l<@https://static.cdninstagram.com/rsrc.php/v4/y5/r/cKfMRAHc07D.js:250:978
applyWithGuard@https://static.cdninstagram.com/rsrc.php/v4/y5/r/cKfMRAHc07D.js:76:10373
c@https://static.cdninstagram.com/rsrc.php/v4/y5/r/cKfMRAHc07D.js:76:11107
I@https://static.cdninstagram.com/rsrc.php/v4/y5/r/cKfMRAHc07D.js:239:1889

1754404374746	geckodriver	INFO	Listening on 127.0.0.1:49801
1754404375264	mozrunner::runner	INFO	Running command: MOZ_CRASHREPORTER="1" MOZ_CRASHREPORTER_NO_REPORT="1" MOZ_CRASHREPORTER_SHUTDOWN="1" "/Applications/Firefox. ... s" "localhost" "-foreground" "-no-remote" "-profile" "/var/folders/45/_6zmnwkn6638scvzx_7pz4_m0000gn/T/rust_mozprofileku2tTS"
console.warn: services.settings: Ignoring preference override of remote settings server
console.warn: services.settings: Allow by setting MOZ_REMOTE_SETTINGS_DEVTOOLS=1 in the environment
1754404375737	Marionette	INFO	Marionette enabled
console.error: "Warning: unrecognized command line flag" "-remote-allow-hosts"
1754404376261	Marionette	INFO	Listening on port 49809
WebDriver BiDi listening on ws://127.0.0.1:49802
Read port: 49809
1754404376467	RemoteAgent	WARN	TLS certificate errors will be ignored for this session
JavaScript warning: https://static.cdninstagram.com/rsrc.php/v4iwNk4/yt/l/es_ES/-K_MWwI6uya.js, line 85: WEBGL_debug_renderer_info is deprecated in Firefox and will be removed. Please use RENDERER.
console.warn: LoginRecipes: "Falling back to a synchronous message for: https://www.instagram.com."
console.warn: LoginRecipes: "Falling back to a synchronous message for: https://www.instagram.com."
JavaScript warning: https://static.cdninstagram.com/rsrc.php/v4i1Au4/yw/l/es_ES-j/-K_MWwI6uya.js, line 85: WEBGL_debug_renderer_info is deprecated in Firefox and will be removed. Please use RENDERER.
JavaScript warning: https://static.cdninstagram.com/rsrc.php/v4i1Au4/yw/l/es_ES-j/-K_MWwI6uya.js, line 85: WEBGL_debug_renderer_info is deprecated in Firefox and will be removed. Please use RENDERER.
JavaScript error: resource:///modules/sessionstore/SessionStore.sys.mjs, line 3624: TypeError: this._windows[aWindow.__SSi] is undefined
Exiting due to channel error.
Exiting due to channel error.
Exiting due to channel error.
Exiting due to channel error.
1754404653596	geckodriver	INFO	Listening on 127.0.0.1:50021
1754404654115	mozrunner::runner	INFO	Running command: MOZ_CRASHREPORTER="1" MOZ_CRASHREPORTER_NO_REPORT="1" MOZ_CRASHREPORTER_SHUTDOWN="1" "/Applications/Firefox. ... s" "localhost" "-foreground" "-no-remote" "-profile" "/var/folders/45/_6zmnwkn6638scvzx_7pz4_m0000gn/T/rust_mozprofileX1PK66"
console.warn: services.settings: Ignoring preference override of remote settings server
console.warn: services.settings: Allow by setting MOZ_REMOTE_SETTINGS_DEVTOOLS=1 in the environment
1754404654603	Marionette	INFO	Marionette enabled
console.error: "Warning: unrecognized command line flag" "-remote-allow-hosts"
1754404655100	Marionette	INFO	Listening on port 50029
WebDriver BiDi listening on ws://127.0.0.1:50022
Read port: 50029
1754404655299	RemoteAgent	WARN	TLS certificate errors will be ignored for this session
JavaScript warning: https://static.cdninstagram.com/rsrc.php/v4iwNk4/yt/l/es_ES/-K_MWwI6uya.js, line 85: WEBGL_debug_renderer_info is deprecated in Firefox and will be removed. Please use RENDERER.
console.warn: LoginRecipes: "Falling back to a synchronous message for: https://www.instagram.com."
console.warn: LoginRecipes: "Falling back to a synchronous message for: https://www.instagram.com."
JavaScript warning: https://static.cdninstagram.com/rsrc.php/v4i1Au4/yw/l/es_ES-j/-K_MWwI6uya.js, line 85: WEBGL_debug_renderer_info is deprecated in Firefox and will be removed. Please use RENDERER.
JavaScript warning: https://static.cdninstagram.com/rsrc.php/v4i1Au4/yw/l/es_ES-j/-K_MWwI6uya.js, line 85: WEBGL_debug_renderer_info is deprecated in Firefox and will be removed. Please use RENDERER.
1754404975461	Marionette	INFO	Stopped listening on port 50029
JavaScript warning: https://static.cdninstagram.com/rsrc.php/v4/y5/r/cKfMRAHc07D.js, line 239: Script terminated by timeout at:
C@https://static.cdninstagram.com/rsrc.php/v4/y5/r/cKfMRAHc07D.js:239:1463
L/E<@https://static.cdninstagram.com/rsrc.php/v4/y5/r/cKfMRAHc07D.js:239:2396

1754421982943	geckodriver	INFO	Listening on 127.0.0.1:50768
1754421983434	mozrunner::runner	INFO	Running command: MOZ_CRASHREPORTER="1" MOZ_CRASHREPORTER_NO_REPORT="1" MOZ_CRASHREPORTER_SHUTDOWN="1" "/Applications/Firefox. ... s" "localhost" "-foreground" "-no-remote" "-profile" "/var/folders/45/_6zmnwkn6638scvzx_7pz4_m0000gn/T/rust_mozprofilefBGFWX"
console.warn: services.settings: Ignoring preference override of remote settings server
console.warn: services.settings: Allow by setting MOZ_REMOTE_SETTINGS_DEVTOOLS=1 in the environment
1754421984384	Marionette	INFO	Marionette enabled
console.error: "Warning: unrecognized command line flag" "-remote-allow-hosts"
1754421985373	Marionette	INFO	Listening on port 50779
Read port: 50779
WebDriver BiDi listening on ws://127.0.0.1:50769
1754421985647	RemoteAgent	WARN	TLS certificate errors will be ignored for this session
JavaScript warning: https://static.cdninstagram.com/rsrc.php/v4iwNk4/yt/l/es_ES/-K_MWwI6uya.js, line 85: WEBGL_debug_renderer_info is deprecated in Firefox and will be removed. Please use RENDERER.
console.warn: LoginRecipes: "Falling back to a synchronous message for: https://www.instagram.com."
console.warn: LoginRecipes: "Falling back to a synchronous message for: https://www.instagram.com."
JavaScript warning: https://static.cdninstagram.com/rsrc.php/v4i1Au4/yw/l/es_ES-j/-K_MWwI6uya.js, line 85: WEBGL_debug_renderer_info is deprecated in Firefox and will be removed. Please use RENDERER.
JavaScript warning: https://static.cdninstagram.com/rsrc.php/v4i1Au4/yw/l/es_ES-j/-K_MWwI6uya.js, line 85: WEBGL_debug_renderer_info is deprecated in Firefox and will be removed. Please use RENDERER.
1754422348598	Marionette	INFO	Stopped listening on port 50779
JavaScript warning: https://static.cdninstagram.com/rsrc.php/v4isHl4/yn/l/es_ES-j/ckI_9Ix6GBF-0L0lJcYrrTmbNRfjw6sBx_XYK48U8VGRQGB-GETEwxKow80mo9qTtzuagYfb5DQrLn7C0sw25CzMrOBntOJoNgmWk1ymQg_olv8l7MaJDp5IvTp1YugJNy8-VFJcL9Q9C5ewC2xIGhUAnW1Set1c-r4kYVxbbj_dZe1-dwWRP9Csl6dATG_KZPN0u-7elMCCRhk6NqC4yFZDpUV2zrrtR-qoiqvohDSJLSS6HDopZYkz3vww-.js, line 1293: Script terminated by timeout at:
log@https://static.cdninstagram.com/rsrc.php/v4isHl4/yn/l/es_ES-j/ckI_9Ix6GBF-0L0lJcYrrTmbNRfjw6sBx_XYK48U8VGRQGB-GETEwxKow80mo9qTtzuagYfb5DQrLn7C0sw25CzMrOBntOJoNgmWk1ymQg_olv8l7MaJDp5IvTp1YugJNy8-VFJcL9Q9C5ewC2xIGhUAnW1Set1c-r4kYVxbbj_dZe1-dwWRP9Csl6dATG_KZPN0u-7elMCCRhk6NqC4yFZDpUV2zrrtR-qoiqvohDSJLSS6HDopZYkz3vww-.js:1293:5586
N/<@https://static.cdninstagram.com/rsrc.php/v4isHl4/yn/l/es_ES-j/ckI_9Ix6GBF-0L0lJcYrrTmbNRfjw6sBx_XYK48U8VGRQGB-GETEwxKow80mo9qTtzuagYfb5DQrLn7C0sw25CzMrOBntOJoNgmWk1ymQg_olv8l7MaJDp5IvTp1YugJNy8-VFJcL9Q9C5ewC2xIGhUAnW1Set1c-r4kYVxbbj_dZe1-dwWRP9Csl6dATG_KZPN0u-7elMCCRhk6NqC4yFZDpUV2zrrtR-qoiqvohDSJLSS6HDopZYkz3vww-.js:1293:1647
ea/<@https://static.cdninstagram.com/rsrc.php/v4isHl4/yn/l/es_ES-j/ckI_9Ix6GBF-0L0lJcYrrTmbNRfjw6sBx_XYK48U8VGRQGB-GETEwxKow80mo9qTtzuagYfb5DQrLn7C0sw25CzMrOBntOJoNgmWk1ymQg_olv8l7MaJDp5IvTp1YugJNy8-VFJcL9Q9C5ewC2xIGhUAnW1Set1c-r4kYVxbbj_dZe1-dwWRP9Csl6dATG_KZPN0u-7elMCCRhk6NqC4yFZDpUV2zrrtR-qoiqvohDSJLSS6HDopZYkz3vww-.js:1293:5509
b.enqueue@https://static.cdninstagram.com/rsrc.php/v4isHl4/yn/l/es_ES-j/ckI_9Ix6GBF-0L0lJcYrrTmbNRfjw6sBx_XYK48U8VGRQGB-GETEwxKow80mo9qTtzuagYfb5DQrLn7C0sw25CzMrOBntOJoNgmWk1ymQg_olv8l7MaJDp5IvTp1YugJNy8-VFJcL9Q9C5ewC2xIGhUAnW1Set1c-r4kYVxbbj_dZe1-dwWRP9Csl6dATG_KZPN0u-7elMCCRhk6NqC4yFZDpUV2zrrtR-qoiqvohDSJLSS6HDopZYkz3vww-.js:1292:665
N@https://static.cdninstagram.com/rsrc.php/v4isHl4/yn/l/es_ES-j/ckI_9Ix6GBF-0L0lJcYrrTmbNRfjw6sBx_XYK48U8VGRQGB-GETEwxKow80mo9qTtzuagYfb5DQrLn7C0sw25CzMrOBntOJoNgmWk1ymQg_olv8l7MaJDp5IvTp1YugJNy8-VFJcL9Q9C5ewC2xIGhUAnW1Set1c-r4kYVxbbj_dZe1-dwWRP9Csl6dATG_KZPN0u-7elMCCRhk6NqC4yFZDpUV2zrrtR-qoiqvohDSJLSS6HDopZYkz3vww-.js:1293:1618
e/l<@https://static.cdninstagram.com/rsrc.php/v4/y5/r/cKfMRAHc07D.js:250:978
applyWithGuard@https://static.cdninstagram.com/rsrc.php/v4/y5/r/cKfMRAHc07D.js:76:10373
c@https://static.cdninstagram.com/rsrc.php/v4/y5/r/cKfMRAHc07D.js:76:11107
I@https://static.cdninstagram.com/rsrc.php/v4/y5/r/cKfMRAHc07D.js:239:1889

1754422448096	geckodriver	INFO	Listening on 127.0.0.1:50964
1754422448606	mozrunner::runner	INFO	Running command: MOZ_CRASHREPORTER="1" MOZ_CRASHREPORTER_NO_REPORT="1" MOZ_CRASHREPORTER_SHUTDOWN="1" "/Applications/Firefox. ... s" "localhost" "-foreground" "-no-remote" "-profile" "/var/folders/45/_6zmnwkn6638scvzx_7pz4_m0000gn/T/rust_mozprofileu5e28w"
console.warn: services.settings: Ignoring preference override of remote settings server
console.warn: services.settings: Allow by setting MOZ_REMOTE_SETTINGS_DEVTOOLS=1 in the environment
1754422449602	Marionette	INFO	Marionette enabled
console.error: "Warning: unrecognized command line flag" "-remote-allow-hosts"
1754422450389	Marionette	INFO	Listening on port 50974
Read port: 50974
WebDriver BiDi listening on ws://127.0.0.1:50965
1754422450674	RemoteAgent	WARN	TLS certificate errors will be ignored for this session
JavaScript warning: https://static.cdninstagram.com/rsrc.php/v4iwNk4/yt/l/es_ES/-K_MWwI6uya.js, line 85: WEBGL_debug_renderer_info is deprecated in Firefox and will be removed. Please use RENDERER.
console.warn: LoginRecipes: "Falling back to a synchronous message for: https://www.instagram.com."
console.warn: LoginRecipes: "Falling back to a synchronous message for: https://www.instagram.com."
JavaScript warning: https://static.cdninstagram.com/rsrc.php/v4i1Au4/yw/l/es_ES-j/-K_MWwI6uya.js, line 85: WEBGL_debug_renderer_info is deprecated in Firefox and will be removed. Please use RENDERER.
JavaScript warning: https://static.cdninstagram.com/rsrc.php/v4i1Au4/yw/l/es_ES-j/-K_MWwI6uya.js, line 85: WEBGL_debug_renderer_info is deprecated in Firefox and will be removed. Please use RENDERER.
JavaScript error: https://static.cdninstagram.com/rsrc.php/v4isa44/yN/l/es_ES-j/61SqxF9oQ2S.js, line 376: JSONParseError: Response contained invalid JSON.
Reason: JSON.parse: unexpected character at line 1 column 1 of the JSON data
<redacted in prod, use dev to see the text>
JavaScript error: https://static.cdninstagram.com/rsrc.php/v4isa44/yN/l/es_ES-j/61SqxF9oQ2S.js, line 376: JSONParseError: Response contained invalid JSON.
Reason: JSON.parse: unexpected character at line 1 column 1 of the JSON data
<redacted in prod, use dev to see the text>
JavaScript error: https://static.cdninstagram.com/rsrc.php/v4isa44/yN/l/es_ES-j/61SqxF9oQ2S.js, line 376: JSONParseError: Response contained invalid JSON.
Reason: JSON.parse: unexpected character at line 1 column 1 of the JSON data
<redacted in prod, use dev to see the text>
JavaScript error: https://static.cdninstagram.com/rsrc.php/v4isa44/yN/l/es_ES-j/61SqxF9oQ2S.js, line 376: JSONParseError: Response contained invalid JSON.
Reason: JSON.parse: unexpected character at line 1 column 1 of the JSON data
<redacted in prod, use dev to see the text>
JavaScript error: https://static.cdninstagram.com/rsrc.php/v4isa44/yN/l/es_ES-j/61SqxF9oQ2S.js, line 376: JSONParseError: Response contained invalid JSON.
Reason: JSON.parse: unexpected character at line 1 column 1 of the JSON data
<redacted in prod, use dev to see the text>
JavaScript error: https://static.cdninstagram.com/rsrc.php/v4isa44/yN/l/es_ES-j/61SqxF9oQ2S.js, line 376: JSONParseError: Response contained invalid JSON.
Reason: JSON.parse: unexpected character at line 1 column 1 of the JSON data
<redacted in prod, use dev to see the text>
JavaScript error: https://static.cdninstagram.com/rsrc.php/v4isa44/yN/l/es_ES-j/61SqxF9oQ2S.js, line 376: JSONParseError: Response contained invalid JSON.
Reason: JSON.parse: unexpected character at line 1 column 1 of the JSON data
<redacted in prod, use dev to see the text>
JavaScript error: https://static.cdninstagram.com/rsrc.php/v4isa44/yN/l/es_ES-j/61SqxF9oQ2S.js, line 376: JSONParseError: Response contained invalid JSON.
Reason: JSON.parse: unexpected character at line 1 column 1 of the JSON data
<redacted in prod, use dev to see the text>
JavaScript error: https://static.cdninstagram.com/rsrc.php/v4isa44/yN/l/es_ES-j/61SqxF9oQ2S.js, line 376: JSONParseError: Response contained invalid JSON.
Reason: JSON.parse: unexpected character at line 1 column 1 of the JSON data
<redacted in prod, use dev to see the text>
JavaScript error: https://static.cdninstagram.com/rsrc.php/v4isa44/yN/l/es_ES-j/61SqxF9oQ2S.js, line 376: JSONParseError: Response contained invalid JSON.
Reason: JSON.parse: unexpected character at line 1 column 1 of the JSON data
<redacted in prod, use dev to see the text>
JavaScript error: https://static.cdninstagram.com/rsrc.php/v4isa44/yN/l/es_ES-j/61SqxF9oQ2S.js, line 376: JSONParseError: Response contained invalid JSON.
Reason: JSON.parse: unexpected character at line 1 column 1 of the JSON data
<redacted in prod, use dev to see the text>
JavaScript error: https://static.cdninstagram.com/rsrc.php/v4isa44/yN/l/es_ES-j/61SqxF9oQ2S.js, line 376: JSONParseError: Response contained invalid JSON.
Reason: JSON.parse: unexpected character at line 1 column 1 of the JSON data
<redacted in prod, use dev to see the text>
JavaScript error: https://static.cdninstagram.com/rsrc.php/v4isa44/yN/l/es_ES-j/61SqxF9oQ2S.js, line 376: JSONParseError: Response contained invalid JSON.
Reason: JSON.parse: unexpected character at line 1 column 1 of the JSON data
<redacted in prod, use dev to see the text>
JavaScript error: https://static.cdninstagram.com/rsrc.php/v4isa44/yN/l/es_ES-j/61SqxF9oQ2S.js, line 376: JSONParseError: Response contained invalid JSON.
Reason: JSON.parse: unexpected character at line 1 column 1 of the JSON data
<redacted in prod, use dev to see the text>
JavaScript error: https://static.cdninstagram.com/rsrc.php/v4isa44/yN/l/es_ES-j/61SqxF9oQ2S.js, line 376: JSONParseError: Response contained invalid JSON.
Reason: JSON.parse: unexpected character at line 1 column 1 of the JSON data
<redacted in prod, use dev to see the text>
JavaScript error: https://static.cdninstagram.com/rsrc.php/v4isa44/yN/l/es_ES-j/61SqxF9oQ2S.js, line 376: JSONParseError: Response contained invalid JSON.
Reason: JSON.parse: unexpected character at line 1 column 1 of the JSON data
<redacted in prod, use dev to see the text>
JavaScript error: https://static.cdninstagram.com/rsrc.php/v4isa44/yN/l/es_ES-j/61SqxF9oQ2S.js, line 376: JSONParseError: Response contained invalid JSON.
Reason: JSON.parse: unexpected character at line 1 column 1 of the JSON data
<redacted in prod, use dev to see the text>
JavaScript error: https://static.cdninstagram.com/rsrc.php/v4isa44/yN/l/es_ES-j/61SqxF9oQ2S.js, line 376: JSONParseError: Response contained invalid JSON.
Reason: JSON.parse: unexpected character at line 1 column 1 of the JSON data
<redacted in prod, use dev to see the text>
JavaScript error: https://static.cdninstagram.com/rsrc.php/v4isa44/yN/l/es_ES-j/61SqxF9oQ2S.js, line 376: JSONParseError: Response contained invalid JSON.
Reason: JSON.parse: unexpected character at line 1 column 1 of the JSON data
<redacted in prod, use dev to see the text>
JavaScript error: https://static.cdninstagram.com/rsrc.php/v4isa44/yN/l/es_ES-j/61SqxF9oQ2S.js, line 376: JSONParseError: Response contained invalid JSON.
Reason: JSON.parse: unexpected character at line 1 column 1 of the JSON data
<redacted in prod, use dev to see the text>
JavaScript error: https://static.cdninstagram.com/rsrc.php/v4isa44/yN/l/es_ES-j/61SqxF9oQ2S.js, line 376: JSONParseError: Response contained invalid JSON.
Reason: JSON.parse: unexpected character at line 1 column 1 of the JSON data
<redacted in prod, use dev to see the text>
JavaScript error: https://static.cdninstagram.com/rsrc.php/v4isa44/yN/l/es_ES-j/61SqxF9oQ2S.js, line 376: JSONParseError: Response contained invalid JSON.
Reason: JSON.parse: unexpected character at line 1 column 1 of the JSON data
<redacted in prod, use dev to see the text>
JavaScript error: https://static.cdninstagram.com/rsrc.php/v4isa44/yN/l/es_ES-j/61SqxF9oQ2S.js, line 376: JSONParseError: Response contained invalid JSON.
Reason: JSON.parse: unexpected character at line 1 column 1 of the JSON data
<redacted in prod, use dev to see the text>
JavaScript error: https://static.cdninstagram.com/rsrc.php/v4isa44/yN/l/es_ES-j/61SqxF9oQ2S.js, line 376: JSONParseError: Response contained invalid JSON.
Reason: JSON.parse: unexpected character at line 1 column 1 of the JSON data
<redacted in prod, use dev to see the text>
JavaScript error: https://static.cdninstagram.com/rsrc.php/v4isa44/yN/l/es_ES-j/61SqxF9oQ2S.js, line 376: JSONParseError: Response contained invalid JSON.
Reason: JSON.parse: unexpected character at line 1 column 1 of the JSON data
<redacted in prod, use dev to see the text>
JavaScript error: https://static.cdninstagram.com/rsrc.php/v4isa44/yN/l/es_ES-j/61SqxF9oQ2S.js, line 376: JSONParseError: Response contained invalid JSON.
Reason: JSON.parse: unexpected character at line 1 column 1 of the JSON data
<redacted in prod, use dev to see the text>
JavaScript error: https://static.cdninstagram.com/rsrc.php/v4isa44/yN/l/es_ES-j/61SqxF9oQ2S.js, line 376: JSONParseError: Response contained invalid JSON.
Reason: JSON.parse: unexpected character at line 1 column 1 of the JSON data
<redacted in prod, use dev to see the text>
JavaScript error: https://static.cdninstagram.com/rsrc.php/v4isa44/yN/l/es_ES-j/61SqxF9oQ2S.js, line 376: JSONParseError: Response contained invalid JSON.
Reason: JSON.parse: unexpected character at line 1 column 1 of the JSON data
<redacted in prod, use dev to see the text>
JavaScript error: https://static.cdninstagram.com/rsrc.php/v4isa44/yN/l/es_ES-j/61SqxF9oQ2S.js, line 376: JSONParseError: Response contained invalid JSON.
Reason: JSON.parse: unexpected character at line 1 column 1 of the JSON data
<redacted in prod, use dev to see the text>
JavaScript error: https://static.cdninstagram.com/rsrc.php/v4isa44/yN/l/es_ES-j/61SqxF9oQ2S.js, line 376: JSONParseError: Response contained invalid JSON.
Reason: JSON.parse: unexpected character at line 1 column 1 of the JSON data
<redacted in prod, use dev to see the text>
JavaScript error: https://static.cdninstagram.com/rsrc.php/v4isa44/yN/l/es_ES-j/61SqxF9oQ2S.js, line 376: JSONParseError: Response contained invalid JSON.
Reason: JSON.parse: unexpected character at line 1 column 1 of the JSON data
<redacted in prod, use dev to see the text>
JavaScript error: https://static.cdninstagram.com/rsrc.php/v4isa44/yN/l/es_ES-j/61SqxF9oQ2S.js, line 376: JSONParseError: Response contained invalid JSON.
Reason: JSON.parse: unexpected character at line 1 column 1 of the JSON data
<redacted in prod, use dev to see the text>
JavaScript error: https://static.cdninstagram.com/rsrc.php/v4isa44/yN/l/es_ES-j/61SqxF9oQ2S.js, line 376: JSONParseError: Response contained invalid JSON.
Reason: JSON.parse: unexpected character at line 1 column 1 of the JSON data
<redacted in prod, use dev to see the text>
JavaScript error: https://static.cdninstagram.com/rsrc.php/v4isa44/yN/l/es_ES-j/61SqxF9oQ2S.js, line 376: JSONParseError: Response contained invalid JSON.
Reason: JSON.parse: unexpected character at line 1 column 1 of the JSON data
<redacted in prod, use dev to see the text>
JavaScript error: https://static.cdninstagram.com/rsrc.php/v4isa44/yN/l/es_ES-j/61SqxF9oQ2S.js, line 376: JSONParseError: Response contained invalid JSON.
Reason: JSON.parse: unexpected character at line 1 column 1 of the JSON data
<redacted in prod, use dev to see the text>
JavaScript error: https://static.cdninstagram.com/rsrc.php/v4isa44/yN/l/es_ES-j/61SqxF9oQ2S.js, line 376: JSONParseError: Response contained invalid JSON.
Reason: JSON.parse: unexpected character at line 1 column 1 of the JSON data
<redacted in prod, use dev to see the text>
JavaScript error: https://static.cdninstagram.com/rsrc.php/v4isa44/yN/l/es_ES-j/61SqxF9oQ2S.js, line 376: JSONParseError: Response contained invalid JSON.
Reason: JSON.parse: unexpected character at line 1 column 1 of the JSON data
<redacted in prod, use dev to see the text>
JavaScript error: https://static.cdninstagram.com/rsrc.php/v4isa44/yN/l/es_ES-j/61SqxF9oQ2S.js, line 376: JSONParseError: Response contained invalid JSON.
Reason: JSON.parse: unexpected character at line 1 column 1 of the JSON data
<redacted in prod, use dev to see the text>
JavaScript error: https://static.cdninstagram.com/rsrc.php/v4isa44/yN/l/es_ES-j/61SqxF9oQ2S.js, line 376: JSONParseError: Response contained invalid JSON.
Reason: JSON.parse: unexpected character at line 1 column 1 of the JSON data
<redacted in prod, use dev to see the text>
JavaScript error: https://static.cdninstagram.com/rsrc.php/v4isa44/yN/l/es_ES-j/61SqxF9oQ2S.js, line 376: JSONParseError: Response contained invalid JSON.
Reason: JSON.parse: unexpected character at line 1 column 1 of the JSON data
<redacted in prod, use dev to see the text>
JavaScript error: https://static.cdninstagram.com/rsrc.php/v4isa44/yN/l/es_ES-j/61SqxF9oQ2S.js, line 376: JSONParseError: Response contained invalid JSON.
Reason: JSON.parse: unexpected character at line 1 column 1 of the JSON data
<redacted in prod, use dev to see the text>
JavaScript error: https://static.cdninstagram.com/rsrc.php/v4isa44/yN/l/es_ES-j/61SqxF9oQ2S.js, line 376: JSONParseError: Response contained invalid JSON.
Reason: JSON.parse: unexpected character at line 1 column 1 of the JSON data
<redacted in prod, use dev to see the text>
JavaScript error: https://static.cdninstagram.com/rsrc.php/v4isa44/yN/l/es_ES-j/61SqxF9oQ2S.js, line 376: JSONParseError: Response contained invalid JSON.
Reason: JSON.parse: unexpected character at line 1 column 1 of the JSON data
<redacted in prod, use dev to see the text>
JavaScript error: https://static.cdninstagram.com/rsrc.php/v4isa44/yN/l/es_ES-j/61SqxF9oQ2S.js, line 376: JSONParseError: Response contained invalid JSON.
Reason: JSON.parse: unexpected character at line 1 column 1 of the JSON data
<redacted in prod, use dev to see the text>
JavaScript error: https://static.cdninstagram.com/rsrc.php/v4isa44/yN/l/es_ES-j/61SqxF9oQ2S.js, line 376: JSONParseError: Response contained invalid JSON.
Reason: JSON.parse: unexpected character at line 1 column 1 of the JSON data
<redacted in prod, use dev to see the text>
JavaScript error: https://static.cdninstagram.com/rsrc.php/v4isa44/yN/l/es_ES-j/61SqxF9oQ2S.js, line 376: JSONParseError: Response contained invalid JSON.
Reason: JSON.parse: unexpected character at line 1 column 1 of the JSON data
<redacted in prod, use dev to see the text>
JavaScript error: https://static.cdninstagram.com/rsrc.php/v4isa44/yN/l/es_ES-j/61SqxF9oQ2S.js, line 376: JSONParseError: Response contained invalid JSON.
Reason: JSON.parse: unexpected character at line 1 column 1 of the JSON data
<redacted in prod, use dev to see the text>
JavaScript error: https://static.cdninstagram.com/rsrc.php/v4isa44/yN/l/es_ES-j/61SqxF9oQ2S.js, line 376: JSONParseError: Response contained invalid JSON.
Reason: JSON.parse: unexpected character at line 1 column 1 of the JSON data
<redacted in prod, use dev to see the text>
JavaScript error: https://static.cdninstagram.com/rsrc.php/v4isa44/yN/l/es_ES-j/61SqxF9oQ2S.js, line 376: JSONParseError: Response contained invalid JSON.
Reason: JSON.parse: unexpected character at line 1 column 1 of the JSON data
<redacted in prod, use dev to see the text>
JavaScript error: https://static.cdninstagram.com/rsrc.php/v4isa44/yN/l/es_ES-j/61SqxF9oQ2S.js, line 376: JSONParseError: Response contained invalid JSON.
Reason: JSON.parse: unexpected character at line 1 column 1 of the JSON data
<redacted in prod, use dev to see the text>
JavaScript error: https://static.cdninstagram.com/rsrc.php/v4isa44/yN/l/es_ES-j/61SqxF9oQ2S.js, line 376: JSONParseError: Response contained invalid JSON.
Reason: JSON.parse: unexpected character at line 1 column 1 of the JSON data
<redacted in prod, use dev to see the text>
JavaScript error: https://static.cdninstagram.com/rsrc.php/v4isa44/yN/l/es_ES-j/61SqxF9oQ2S.js, line 376: JSONParseError: Response contained invalid JSON.
Reason: JSON.parse: unexpected character at line 1 column 1 of the JSON data
<redacted in prod, use dev to see the text>
JavaScript error: https://static.cdninstagram.com/rsrc.php/v4isa44/yN/l/es_ES-j/61SqxF9oQ2S.js, line 376: JSONParseError: Response contained invalid JSON.
Reason: JSON.parse: unexpected character at line 1 column 1 of the JSON data
<redacted in prod, use dev to see the text>
JavaScript error: https://static.cdninstagram.com/rsrc.php/v4isa44/yN/l/es_ES-j/61SqxF9oQ2S.js, line 376: JSONParseError: Response contained invalid JSON.
Reason: JSON.parse: unexpected character at line 1 column 1 of the JSON data
<redacted in prod, use dev to see the text>
JavaScript error: https://static.cdninstagram.com/rsrc.php/v4isa44/yN/l/es_ES-j/61SqxF9oQ2S.js, line 376: JSONParseError: Response contained invalid JSON.
Reason: JSON.parse: unexpected character at line 1 column 1 of the JSON data
<redacted in prod, use dev to see the text>
JavaScript error: https://static.cdninstagram.com/rsrc.php/v4isa44/yN/l/es_ES-j/61SqxF9oQ2S.js, line 376: JSONParseError: Response contained invalid JSON.
Reason: JSON.parse: unexpected character at line 1 column 1 of the JSON data
<redacted in prod, use dev to see the text>
JavaScript error: https://static.cdninstagram.com/rsrc.php/v4isa44/yN/l/es_ES-j/61SqxF9oQ2S.js, line 376: JSONParseError: Response contained invalid JSON.
Reason: JSON.parse: unexpected character at line 1 column 1 of the JSON data
<redacted in prod, use dev to see the text>
JavaScript error: https://static.cdninstagram.com/rsrc.php/v4isa44/yN/l/es_ES-j/61SqxF9oQ2S.js, line 376: JSONParseError: Response contained invalid JSON.
Reason: JSON.parse: unexpected character at line 1 column 1 of the JSON data
<redacted in prod, use dev to see the text>
JavaScript error: https://static.cdninstagram.com/rsrc.php/v4isa44/yN/l/es_ES-j/61SqxF9oQ2S.js, line 376: JSONParseError: Response contained invalid JSON.
Reason: JSON.parse: unexpected character at line 1 column 1 of the JSON data
<redacted in prod, use dev to see the text>
JavaScript error: https://static.cdninstagram.com/rsrc.php/v4isa44/yN/l/es_ES-j/61SqxF9oQ2S.js, line 376: JSONParseError: Response contained invalid JSON.
Reason: JSON.parse: unexpected character at line 1 column 1 of the JSON data
<redacted in prod, use dev to see the text>
JavaScript error: https://static.cdninstagram.com/rsrc.php/v4isa44/yN/l/es_ES-j/61SqxF9oQ2S.js, line 376: JSONParseError: Response contained invalid JSON.
Reason: JSON.parse: unexpected character at line 1 column 1 of the JSON data
<redacted in prod, use dev to see the text>
JavaScript error: https://static.cdninstagram.com/rsrc.php/v4isa44/yN/l/es_ES-j/61SqxF9oQ2S.js, line 376: JSONParseError: Response contained invalid JSON.
Reason: JSON.parse: unexpected character at line 1 column 1 of the JSON data
<redacted in prod, use dev to see the text>
JavaScript error: https://static.cdninstagram.com/rsrc.php/v4isa44/yN/l/es_ES-j/61SqxF9oQ2S.js, line 376: JSONParseError: Response contained invalid JSON.
Reason: JSON.parse: unexpected character at line 1 column 1 of the JSON data
<redacted in prod, use dev to see the text>
JavaScript error: https://static.cdninstagram.com/rsrc.php/v4isa44/yN/l/es_ES-j/61SqxF9oQ2S.js, line 376: JSONParseError: Response contained invalid JSON.
Reason: JSON.parse: unexpected character at line 1 column 1 of the JSON data
<redacted in prod, use dev to see the text>
JavaScript error: https://static.cdninstagram.com/rsrc.php/v4isa44/yN/l/es_ES-j/61SqxF9oQ2S.js, line 376: JSONParseError: Response contained invalid JSON.
Reason: JSON.parse: unexpected character at line 1 column 1 of the JSON data
<redacted in prod, use dev to see the text>
JavaScript error: https://static.cdninstagram.com/rsrc.php/v4isa44/yN/l/es_ES-j/61SqxF9oQ2S.js, line 376: JSONParseError: Response contained invalid JSON.
Reason: JSON.parse: unexpected character at line 1 column 1 of the JSON data
<redacted in prod, use dev to see the text>
JavaScript error: https://static.cdninstagram.com/rsrc.php/v4isa44/yN/l/es_ES-j/61SqxF9oQ2S.js, line 376: JSONParseError: Response contained invalid JSON.
Reason: JSON.parse: unexpected character at line 1 column 1 of the JSON data
<redacted in prod, use dev to see the text>
JavaScript error: https://static.cdninstagram.com/rsrc.php/v4isa44/yN/l/es_ES-j/61SqxF9oQ2S.js, line 376: JSONParseError: Response contained invalid JSON.
Reason: JSON.parse: unexpected character at line 1 column 1 of the JSON data
<redacted in prod, use dev to see the text>
JavaScript error: https://static.cdninstagram.com/rsrc.php/v4isa44/yN/l/es_ES-j/61SqxF9oQ2S.js, line 376: JSONParseError: Response contained invalid JSON.
Reason: JSON.parse: unexpected character at line 1 column 1 of the JSON data
<redacted in prod, use dev to see the text>
JavaScript error: https://static.cdninstagram.com/rsrc.php/v4isa44/yN/l/es_ES-j/61SqxF9oQ2S.js, line 376: JSONParseError: Response contained invalid JSON.
Reason: JSON.parse: unexpected character at line 1 column 1 of the JSON data
<redacted in prod, use dev to see the text>
JavaScript error: https://static.cdninstagram.com/rsrc.php/v4isa44/yN/l/es_ES-j/61SqxF9oQ2S.js, line 376: JSONParseError: Response contained invalid JSON.
Reason: JSON.parse: unexpected character at line 1 column 1 of the JSON data
<redacted in prod, use dev to see the text>
JavaScript error: https://static.cdninstagram.com/rsrc.php/v4isa44/yN/l/es_ES-j/61SqxF9oQ2S.js, line 376: JSONParseError: Response contained invalid JSON.
Reason: JSON.parse: unexpected character at line 1 column 1 of the JSON data
<redacted in prod, use dev to see the text>
JavaScript error: https://static.cdninstagram.com/rsrc.php/v4isa44/yN/l/es_ES-j/61SqxF9oQ2S.js, line 376: JSONParseError: Response contained invalid JSON.
Reason: JSON.parse: unexpected character at line 1 column 1 of the JSON data
<redacted in prod, use dev to see the text>
JavaScript error: https://static.cdninstagram.com/rsrc.php/v4isa44/yN/l/es_ES-j/61SqxF9oQ2S.js, line 376: JSONParseError: Response contained invalid JSON.
Reason: JSON.parse: unexpected character at line 1 column 1 of the JSON data
<redacted in prod, use dev to see the text>
JavaScript error: https://static.cdninstagram.com/rsrc.php/v4isa44/yN/l/es_ES-j/61SqxF9oQ2S.js, line 376: JSONParseError: Response contained invalid JSON.
Reason: JSON.parse: unexpected character at line 1 column 1 of the JSON data
<redacted in prod, use dev to see the text>
JavaScript error: https://static.cdninstagram.com/rsrc.php/v4isa44/yN/l/es_ES-j/61SqxF9oQ2S.js, line 376: JSONParseError: Response contained invalid JSON.
Reason: JSON.parse: unexpected character at line 1 column 1 of the JSON data
<redacted in prod, use dev to see the text>
JavaScript error: https://static.cdninstagram.com/rsrc.php/v4isa44/yN/l/es_ES-j/61SqxF9oQ2S.js, line 376: JSONParseError: Response contained invalid JSON.
Reason: JSON.parse: unexpected character at line 1 column 1 of the JSON data
<redacted in prod, use dev to see the text>
JavaScript error: https://static.cdninstagram.com/rsrc.php/v4isa44/yN/l/es_ES-j/61SqxF9oQ2S.js, line 376: JSONParseError: Response contained invalid JSON.
Reason: JSON.parse: unexpected character at line 1 column 1 of the JSON data
<redacted in prod, use dev to see the text>
JavaScript error: https://static.cdninstagram.com/rsrc.php/v4isa44/yN/l/es_ES-j/61SqxF9oQ2S.js, line 376: JSONParseError: Response contained invalid JSON.
Reason: JSON.parse: unexpected character at line 1 column 1 of the JSON data
<redacted in prod, use dev to see the text>
JavaScript error: https://static.cdninstagram.com/rsrc.php/v4isa44/yN/l/es_ES-j/61SqxF9oQ2S.js, line 376: JSONParseError: Response contained invalid JSON.
Reason: JSON.parse: unexpected character at line 1 column 1 of the JSON data
<redacted in prod, use dev to see the text>
JavaScript error: https://static.cdninstagram.com/rsrc.php/v4isa44/yN/l/es_ES-j/61SqxF9oQ2S.js, line 376: JSONParseError: Response contained invalid JSON.
Reason: JSON.parse: unexpected character at line 1 column 1 of the JSON data
<redacted in prod, use dev to see the text>
JavaScript error: https://static.cdninstagram.com/rsrc.php/v4isa44/yN/l/es_ES-j/61SqxF9oQ2S.js, line 376: JSONParseError: Response contained invalid JSON.
Reason: JSON.parse: unexpected character at line 1 column 1 of the JSON data
<redacted in prod, use dev to see the text>
JavaScript error: https://static.cdninstagram.com/rsrc.php/v4isa44/yN/l/es_ES-j/61SqxF9oQ2S.js, line 376: JSONParseError: Response contained invalid JSON.
Reason: JSON.parse: unexpected character at line 1 column 1 of the JSON data
<redacted in prod, use dev to see the text>
JavaScript error: https://static.cdninstagram.com/rsrc.php/v4isa44/yN/l/es_ES-j/61SqxF9oQ2S.js, line 376: JSONParseError: Response contained invalid JSON.
Reason: JSON.parse: unexpected character at line 1 column 1 of the JSON data
<redacted in prod, use dev to see the text>
JavaScript error: https://static.cdninstagram.com/rsrc.php/v4isa44/yN/l/es_ES-j/61SqxF9oQ2S.js, line 376: JSONParseError: Response contained invalid JSON.
Reason: JSON.parse: unexpected character at line 1 column 1 of the JSON data
<redacted in prod, use dev to see the text>
JavaScript error: https://static.cdninstagram.com/rsrc.php/v4isa44/yN/l/es_ES-j/61SqxF9oQ2S.js, line 376: JSONParseError: Response contained invalid JSON.
Reason: JSON.parse: unexpected character at line 1 column 1 of the JSON data
<redacted in prod, use dev to see the text>
JavaScript error: https://static.cdninstagram.com/rsrc.php/v4isa44/yN/l/es_ES-j/61SqxF9oQ2S.js, line 376: JSONParseError: Response contained invalid JSON.
Reason: JSON.parse: unexpected character at line 1 column 1 of the JSON data
<redacted in prod, use dev to see the text>
JavaScript error: https://static.cdninstagram.com/rsrc.php/v4isa44/yN/l/es_ES-j/61SqxF9oQ2S.js, line 376: JSONParseError: Response contained invalid JSON.
Reason: JSON.parse: unexpected character at line 1 column 1 of the JSON data
<redacted in prod, use dev to see the text>
JavaScript error: https://static.cdninstagram.com/rsrc.php/v4isa44/yN/l/es_ES-j/61SqxF9oQ2S.js, line 376: JSONParseError: Response contained invalid JSON.
Reason: JSON.parse: unexpected character at line 1 column 1 of the JSON data
<redacted in prod, use dev to see the text>
JavaScript error: https://static.cdninstagram.com/rsrc.php/v4isa44/yN/l/es_ES-j/61SqxF9oQ2S.js, line 376: JSONParseError: Response contained invalid JSON.
Reason: JSON.parse: unexpected character at line 1 column 1 of the JSON data
<redacted in prod, use dev to see the text>
JavaScript error: https://static.cdninstagram.com/rsrc.php/v4isa44/yN/l/es_ES-j/61SqxF9oQ2S.js, line 376: JSONParseError: Response contained invalid JSON.
Reason: JSON.parse: unexpected character at line 1 column 1 of the JSON data
<redacted in prod, use dev to see the text>
JavaScript error: https://static.cdninstagram.com/rsrc.php/v4isa44/yN/l/es_ES-j/61SqxF9oQ2S.js, line 376: JSONParseError: Response contained invalid JSON.
Reason: JSON.parse: unexpected character at line 1 column 1 of the JSON data
<redacted in prod, use dev to see the text>
JavaScript error: https://static.cdninstagram.com/rsrc.php/v4isa44/yN/l/es_ES-j/61SqxF9oQ2S.js, line 376: JSONParseError: Response contained invalid JSON.
Reason: JSON.parse: unexpected character at line 1 column 1 of the JSON data
<redacted in prod, use dev to see the text>
JavaScript error: https://static.cdninstagram.com/rsrc.php/v4isa44/yN/l/es_ES-j/61SqxF9oQ2S.js, line 376: JSONParseError: Response contained invalid JSON.
Reason: JSON.parse: unexpected character at line 1 column 1 of the JSON data
<redacted in prod, use dev to see the text>
JavaScript error: https://static.cdninstagram.com/rsrc.php/v4isa44/yN/l/es_ES-j/61SqxF9oQ2S.js, line 376: JSONParseError: Response contained invalid JSON.
Reason: JSON.parse: unexpected character at line 1 column 1 of the JSON data
<redacted in prod, use dev to see the text>
JavaScript error: https://static.cdninstagram.com/rsrc.php/v4isa44/yN/l/es_ES-j/61SqxF9oQ2S.js, line 376: JSONParseError: Response contained invalid JSON.
Reason: JSON.parse: unexpected character at line 1 column 1 of the JSON data
<redacted in prod, use dev to see the text>
JavaScript error: https://static.cdninstagram.com/rsrc.php/v4isa44/yN/l/es_ES-j/61SqxF9oQ2S.js, line 376: JSONParseError: Response contained invalid JSON.
Reason: JSON.parse: unexpected character at line 1 column 1 of the JSON data
<redacted in prod, use dev to see the text>
JavaScript error: https://static.cdninstagram.com/rsrc.php/v4isa44/yN/l/es_ES-j/61SqxF9oQ2S.js, line 376: JSONParseError: Response contained invalid JSON.
Reason: JSON.parse: unexpected character at line 1 column 1 of the JSON data
<redacted in prod, use dev to see the text>
1754422746460	Marionette	INFO	Stopped listening on port 50974
JavaScript warning: https://static.cdninstagram.com/rsrc.php/v4iDts4/ya/l/es_ES-j/QSi_z6GKT1DsNm4OtLLJfDtfOfp6ZAT4hmDtIelFi_WM47_TReLKRzbAi2x76EHLF1ebPGwKpaZY6cgrQ73zlF32L3IspHXMumd9Ci4Ds99tvGYO8bKu-ZGWi6Y1nExrOTSCGHRwXQuKR3mwuAtyC21nNIXxCesgf7zuje67dfUkZo5z.js, line 474: Script terminated by timeout at:
c.encodeData@https://static.cdninstagram.com/rsrc.php/v4iDts4/ya/l/es_ES-j/QSi_z6GKT1DsNm4OtLLJfDtfOfp6ZAT4hmDtIelFi_WM47_TReLKRzbAi2x76EHLF1ebPGwKpaZY6cgrQ73zlF32L3IspHXMumd9Ci4Ds99tvGYO8bKu-ZGWi6Y1nExrOTSCGHRwXQuKR3mwuAtyC21nNIXxCesgf7zuje67dfUkZo5z.js:474:6034
e.$15@https://static.cdninstagram.com/rsrc.php/v4iDts4/ya/l/es_ES-j/QSi_z6GKT1DsNm4OtLLJfDtfOfp6ZAT4hmDtIelFi_WM47_TReLKRzbAi2x76EHLF1ebPGwKpaZY6cgrQ73zlF32L3IspHXMumd9Ci4Ds99tvGYO8bKu-ZGWi6Y1nExrOTSCGHRwXQuKR3mwuAtyC21nNIXxCesgf7zuje67dfUkZo5z.js:482:3890
a<@https://static.cdninstagram.com/rsrc.php/v4iDts4/ya/l/es_ES-j/QSi_z6GKT1DsNm4OtLLJfDtfOfp6ZAT4hmDtIelFi_WM47_TReLKRzbAi2x76EHLF1ebPGwKpaZY6cgrQ73zlF32L3IspHXMumd9Ci4Ds99tvGYO8bKu-ZGWi6Y1nExrOTSCGHRwXQuKR3mwuAtyC21nNIXxCesgf7zuje67dfUkZo5z.js:482:883
h@https://static.cdninstagram.com/rsrc.php/v4/y5/r/cKfMRAHc07D.js:150:125
g@https://static.cdninstagram.com/rsrc.php/v4/y5/r/cKfMRAHc07D.js:150:350
a/</<@https://static.cdninstagram.com/rsrc.php/v4/y5/r/cKfMRAHc07D.js:150:409
a/<@https://static.cdninstagram.com/rsrc.php/v4/y5/r/cKfMRAHc07D.js:150:277
c@https://static.cdninstagram.com/rsrc.php/v4iDts4/ya/l/es_ES-j/QSi_z6GKT1DsNm4OtLLJfDtfOfp6ZAT4hmDtIelFi_WM47_TReLKRzbAi2x76EHLF1ebPGwKpaZY6cgrQ73zlF32L3IspHXMumd9Ci4Ds99tvGYO8bKu-ZGWi6Y1nExrOTSCGHRwXQuKR3mwuAtyC21nNIXxCesgf7zuje67dfUkZo5z.js:482:1045
e.$24@https://static.cdninstagram.com/rsrc.php/v4iDts4/ya/l/es_ES-j/QSi_z6GKT1DsNm4OtLLJfDtfOfp6ZAT4hmDtIelFi_WM47_TReLKRzbAi2x76EHLF1ebPGwKpaZY6cgrQ73zlF32L3IspHXMumd9Ci4Ds99tvGYO8bKu-ZGWi6Y1nExrOTSCGHRwXQuKR3mwuAtyC21nNIXxCesgf7zuje67dfUkZo5z.js:498:7352
e.amendWithAck@https://static.cdninstagram.com/rsrc.php/v4iDts4/ya/l/es_ES-j/QSi_z6GKT1DsNm4OtLLJfDtfOfp6ZAT4hmDtIelFi_WM47_TReLKRzbAi2x76EHLF1ebPGwKpaZY6cgrQ73zlF32L3IspHXMumd9Ci4Ds99tvGYO8bKu-ZGWi6Y1nExrOTSCGHRwXQuKR3mwuAtyC21nNIXxCesgf7zuje67dfUkZo5z.js:498:4088
log@https://static.cdninstagram.com/rsrc.php/v4isHl4/yn/l/es_ES-j/ckI_9Ix6GBF-0L0lJcYrrTmbNRfjw6sBx_XYK48U8VGRQGB-GETEwxKow80mo9qTtzuagYfb5DQrLn7C0sw25CzMrOBntOJoNgmWk1ymQg_olv8l7MaJDp5IvTp1YugJNy8-VFJcL9Q9C5ewC2xIGhUAnW1Set1c-r4kYVxbbj_dZe1-dwWRP9Csl6dATG_KZPN0u-7elMCCRhk6NqC4yFZDpUV2zrrtR-qoiqvohDSJLSS6HDopZYkz3vww-.js:1293:5667
N/<@https://static.cdninstagram.com/rsrc.php/v4isHl4/yn/l/es_ES-j/ckI_9Ix6GBF-0L0lJcYrrTmbNRfjw6sBx_XYK48U8VGRQGB-GETEwxKow80mo9qTtzuagYfb5DQrLn7C0sw25CzMrOBntOJoNgmWk1ymQg_olv8l7MaJDp5IvTp1YugJNy8-VFJcL9Q9C5ewC2xIGhUAnW1Set1c-r4kYVxbbj_dZe1-dwWRP9Csl6dATG_KZPN0u-7elMCCRhk6NqC4yFZDpUV2zrrtR-qoiqvohDSJLSS6HDopZYkz3vww-.js:1293:1647
ea/<@https://static.cdninstagram.com/rsrc.php/v4isHl4/yn/l/es_ES-j/ckI_9Ix6GBF-0L0lJcYrrTmbNRfjw6sBx_XYK48U8VGRQGB-GETEwxKow80mo9qTtzuagYfb5DQrLn7C0sw25CzMrOBntOJoNgmWk1ymQg_olv8l7MaJDp5IvTp1YugJNy8-VFJcL9Q9C5ewC2xIGhUAnW1Set1c-r4kYVxbbj_dZe1-dwWRP9Csl6dATG_KZPN0u-7elMCCRhk6NqC4yFZDpUV2zrrtR-qoiqvohDSJLSS6HDopZYkz3vww-.js:1293:5509
b.enqueue@https://static.cdninstagram.com/rsrc.php/v4isHl4/yn/l/es_ES-j/ckI_9Ix6GBF-0L0lJcYrrTmbNRfjw6sBx_XYK48U8VGRQGB-GETEwxKow80mo9qTtzuagYfb5DQrLn7C0sw25CzMrOBntOJoNgmWk1ymQg_olv8l7MaJDp5IvTp1YugJNy8-VFJcL9Q9C5ewC2xIGhUAnW1Set1c-r4kYVxbbj_dZe1-dwWRP9Csl6dATG_KZPN0u-7elMCCRhk6NqC4yFZDpUV2zrrtR-qoiqvohDSJLSS6HDopZYkz3vww-.js:1292:665
N@https://static.cdninstagram.com/rsrc.php/v4isHl4/yn/l/es_ES-j/ckI_9Ix6GBF-0L0lJcYrrTmbNRfjw6sBx_XYK48U8VGRQGB-GETEwxKow80mo9qTtzuagYfb5DQrLn7C0sw25CzMrOBntOJoNgmWk1ymQg_olv8l7MaJDp5IvTp1YugJNy8-VFJcL9Q9C5ewC2xIGhUAnW1Set1c-r4kYVxbbj_dZe1-dwWRP9Csl6dATG_KZPN0u-7elMCCRhk6NqC4yFZDpUV2zrrtR-qoiqvohDSJLSS6HDopZYkz3vww-.js:1293:1618
e/l<@https://static.cdninstagram.com/rsrc.php/v4/y5/r/cKfMRAHc07D.js:250:978
applyWithGuard@https://static.cdninstagram.com/rsrc.php/v4/y5/r/cKfMRAHc07D.js:76:10373
c@https://static.cdninstagram.com/rsrc.php/v4/y5/r/cKfMRAHc07D.js:76:11107
I@https://static.cdninstagram.com/rsrc.php/v4/y5/r/cKfMRAHc07D.js:239:1889

1754422783618	geckodriver	INFO	Listening on 127.0.0.1:51120
1754422784127	mozrunner::runner	INFO	Running command: MOZ_CRASHREPORTER="1" MOZ_CRASHREPORTER_NO_REPORT="1" MOZ_CRASHREPORTER_SHUTDOWN="1" "/Applications/Firefox. ... s" "localhost" "-foreground" "-no-remote" "-profile" "/var/folders/45/_6zmnwkn6638scvzx_7pz4_m0000gn/T/rust_mozprofileEm58IL"
console.warn: services.settings: Ignoring preference override of remote settings server
console.warn: services.settings: Allow by setting MOZ_REMOTE_SETTINGS_DEVTOOLS=1 in the environment
1754422784792	Marionette	INFO	Marionette enabled
console.error: "Warning: unrecognized command line flag" "-remote-allow-hosts"
1754422785453	Marionette	INFO	Listening on port 51128
WebDriver BiDi listening on ws://127.0.0.1:51121
Read port: 51128
1754422785753	RemoteAgent	WARN	TLS certificate errors will be ignored for this session
JavaScript warning: https://static.cdninstagram.com/rsrc.php/v4iwNk4/yt/l/es_ES/-K_MWwI6uya.js, line 85: WEBGL_debug_renderer_info is deprecated in Firefox and will be removed. Please use RENDERER.
console.warn: LoginRecipes: "Falling back to a synchronous message for: https://www.instagram.com."
console.warn: LoginRecipes: "Falling back to a synchronous message for: https://www.instagram.com."
JavaScript warning: https://static.cdninstagram.com/rsrc.php/v4i1Au4/yw/l/es_ES-j/-K_MWwI6uya.js, line 85: WEBGL_debug_renderer_info is deprecated in Firefox and will be removed. Please use RENDERER.
JavaScript warning: https://static.cdninstagram.com/rsrc.php/v4i1Au4/yw/l/es_ES-j/-K_MWwI6uya.js, line 85: WEBGL_debug_renderer_info is deprecated in Firefox and will be removed. Please use RENDERER.
1754423237807	Marionette	INFO	Stopped listening on port 51128
JavaScript warning: https://static.cdninstagram.com/rsrc.php/v4isHl4/yn/l/es_ES-j/ckI_9Ix6GBF-0L0lJcYrrTmbNRfjw6sBx_XYK48U8VGRQGB-GETEwxKow80mo9qTtzuagYfb5DQrLn7C0sw25CzMrOBntOJoNgmWk1ymQg_olv8l7MaJDp5IvTp1YugJNy8-VFJcL9Q9C5ewC2xIGhUAnW1Set1c-r4kYVxbbj_dZe1-dwWRP9Csl6dATG_KZPN0u-7elMCCRhk6NqC4yFZDpUV2zrrtR-qoiqvohDSJLSS6HDopZYkz3vww-.js, line 1045: Script terminated by timeout at:
Sq@https://static.cdninstagram.com/rsrc.php/v4isHl4/yn/l/es_ES-j/ckI_9Ix6GBF-0L0lJcYrrTmbNRfjw6sBx_XYK48U8VGRQGB-GETEwxKow80mo9qTtzuagYfb5DQrLn7C0sw25CzMrOBntOJoNgmWk1ymQg_olv8l7MaJDp5IvTp1YugJNy8-VFJcL9Q9C5ewC2xIGhUAnW1Set1c-r4kYVxbbj_dZe1-dwWRP9Csl6dATG_KZPN0u-7elMCCRhk6NqC4yFZDpUV2zrrtR-qoiqvohDSJLSS6HDopZYkz3vww-.js:1045:214215

1754535542159	geckodriver	INFO	Listening on 127.0.0.1:50513
1754535542651	mozrunner::runner	INFO	Running command: MOZ_CRASHREPORTER="1" MOZ_CRASHREPORTER_NO_REPORT="1" MOZ_CRASHREPORTER_SHUTDOWN="1" "/Applications/Firefox. ... s" "localhost" "-foreground" "-no-remote" "-profile" "/var/folders/45/_6zmnwkn6638scvzx_7pz4_m0000gn/T/rust_mozprofilejCrEAF"
console.warn: services.settings: Ignoring preference override of remote settings server
console.warn: services.settings: Allow by setting MOZ_REMOTE_SETTINGS_DEVTOOLS=1 in the environment
1754535543590	Marionette	INFO	Marionette enabled
console.error: "Warning: unrecognized command line flag" "-remote-allow-hosts"
1754535544587	Marionette	INFO	Listening on port 50524
Read port: 50524
WebDriver BiDi listening on ws://127.0.0.1:50514
1754535544857	RemoteAgent	WARN	TLS certificate errors will be ignored for this session
JavaScript warning: https://static.cdninstagram.com/rsrc.php/v4iwNk4/y7/l/es_ES/xVD1Fr95ecX.js, line 84: WEBGL_debug_renderer_info is deprecated in Firefox and will be removed. Please use RENDERER.
console.warn: LoginRecipes: "Falling back to a synchronous message for: https://www.instagram.com."
console.warn: LoginRecipes: "Falling back to a synchronous message for: https://www.instagram.com."
JavaScript warning: https://static.cdninstagram.com/rsrc.php/v4i1Au4/yr/l/es_ES-j/xVD1Fr95ecX.js, line 84: WEBGL_debug_renderer_info is deprecated in Firefox and will be removed. Please use RENDERER.
JavaScript warning: https://www.googletagmanager.com/gtag/js?id=AW-858885276, line 109: Script terminated by timeout at:
Ic@https://www.googletagmanager.com/gtag/js?id=AW-858885276:109:204
Jc@https://www.googletagmanager.com/gtag/js?id=AW-858885276:110:58
nm@https://www.googletagmanager.com/gtag/js?id=AW-858885276:291:626
Cm@https://www.googletagmanager.com/gtag/js?id=AW-858885276:293:343
yB@https://www.googletagmanager.com/gtag/js?id=AW-858885276:565:437
KB/<@https://www.googletagmanager.com/gtag/js?id=AW-858885276:572:134
IB@https://www.googletagmanager.com/gtag/js?id=AW-858885276:576:215
KB@https://www.googletagmanager.com/gtag/js?id=AW-858885276:570:486
f@https://www.googletagmanager.com/gtag/js?id=AW-858885276:682:254
MJ/<@https://www.googletagmanager.com/gtag/js?id=AW-858885276:684:79
vn@https://www.googletagmanager.com/gtag/js?id=AW-858885276:310:194
Bp@https://www.googletagmanager.com/gtag/js?id=AW-858885276:331:70
MJ@https://www.googletagmanager.com/gtag/js?id=AW-858885276:684:67
v@https://www.googletagmanager.com/gtag/js?id=AW-858885276:350:325
En@https://www.googletagmanager.com/gtag/js?id=AW-858885276:312:513
er@https://www.googletagmanager.com/gtag/js?id=AW-858885276:350:408
dr.prototype.flush@https://www.googletagmanager.com/gtag/js?id=AW-858885276:354:195
dr.prototype.push@https://www.googletagmanager.com/gtag/js?id=AW-858885276:352:379
config@https://www.googletagmanager.com/gtag/js?id=AW-858885276:608:56
VD@https://www.googletagmanager.com/gtag/js?id=AW-858885276:616:471
XD@https://www.googletagmanager.com/gtag/js?id=AW-858885276:619:45

JavaScript warning: https://static.cdninstagram.com/rsrc.php/v4i1Au4/yr/l/es_ES-j/xVD1Fr95ecX.js, line 84: WEBGL_debug_renderer_info is deprecated in Firefox and will be removed. Please use RENDERER.
JavaScript warning: https://static.cdninstagram.com/rsrc.php/v4i1Au4/yr/l/es_ES-j/xVD1Fr95ecX.js, line 84: WEBGL_debug_renderer_info is deprecated in Firefox and will be removed. Please use RENDERER.
JavaScript warning: https://static.cdninstagram.com/rsrc.php/v4i1Au4/yr/l/es_ES-j/xVD1Fr95ecX.js, line 84: WEBGL_debug_renderer_info is deprecated in Firefox and will be removed. Please use RENDERER.
JavaScript warning: https://static.cdninstagram.com/rsrc.php/v4i1Au4/yr/l/es_ES-j/xVD1Fr95ecX.js, line 84: WEBGL_debug_renderer_info is deprecated in Firefox and will be removed. Please use RENDERER.
JavaScript warning: https://static.cdninstagram.com/rsrc.php/v4i1Au4/yr/l/es_ES-j/xVD1Fr95ecX.js, line 84: WEBGL_debug_renderer_info is deprecated in Firefox and will be removed. Please use RENDERER.
JavaScript warning: https://static.cdninstagram.com/rsrc.php/v4i1Au4/yr/l/es_ES-j/xVD1Fr95ecX.js, line 84: WEBGL_debug_renderer_info is deprecated in Firefox and will be removed. Please use RENDERER.
JavaScript warning: https://static.cdninstagram.com/rsrc.php/v4i1Au4/yr/l/es_ES-j/xVD1Fr95ecX.js, line 84: WEBGL_debug_renderer_info is deprecated in Firefox and will be removed. Please use RENDERER.
JavaScript warning: https://static.cdninstagram.com/rsrc.php/v4i1Au4/yr/l/es_ES-j/xVD1Fr95ecX.js, line 84: WEBGL_debug_renderer_info is deprecated in Firefox and will be removed. Please use RENDERER.
JavaScript warning: https://static.cdninstagram.com/rsrc.php/v4i1Au4/yr/l/es_ES-j/xVD1Fr95ecX.js, line 84: WEBGL_debug_renderer_info is deprecated in Firefox and will be removed. Please use RENDERER.
JavaScript warning: https://static.cdninstagram.com/rsrc.php/v4i1Au4/yr/l/es_ES-j/xVD1Fr95ecX.js, line 84: WEBGL_debug_renderer_info is deprecated in Firefox and will be removed. Please use RENDERER.
Exiting due to channel error.
Exiting due to channel error.
Exiting due to channel error.
Exiting due to channel error.
Exiting due to channel error.
Exiting due to channel error.
1754539852917	geckodriver	INFO	Listening on 127.0.0.1:51907
1754539853427	mozrunner::runner	INFO	Running command: MOZ_CRASHREPORTER="1" MOZ_CRASHREPORTER_NO_REPORT="1" MOZ_CRASHREPORTER_SHUTDOWN="1" "/Applications/Firefox. ... s" "localhost" "-foreground" "-no-remote" "-profile" "/var/folders/45/_6zmnwkn6638scvzx_7pz4_m0000gn/T/rust_mozprofileKbknl2"
console.warn: services.settings: Ignoring preference override of remote settings server
console.warn: services.settings: Allow by setting MOZ_REMOTE_SETTINGS_DEVTOOLS=1 in the environment
1754539854168	Marionette	INFO	Marionette enabled
console.error: "Warning: unrecognized command line flag" "-remote-allow-hosts"
1754539854798	Marionette	INFO	Listening on port 51916
Read port: 51916
WebDriver BiDi listening on ws://127.0.0.1:51908
1754539854994	RemoteAgent	WARN	TLS certificate errors will be ignored for this session
JavaScript warning: https://static.cdninstagram.com/rsrc.php/v4iwNk4/y7/l/es_ES/xVD1Fr95ecX.js, line 84: WEBGL_debug_renderer_info is deprecated in Firefox and will be removed. Please use RENDERER.
console.warn: LoginRecipes: "Falling back to a synchronous message for: https://www.instagram.com."
console.warn: LoginRecipes: "Falling back to a synchronous message for: https://www.instagram.com."
JavaScript warning: https://static.cdninstagram.com/rsrc.php/v4i1Au4/yr/l/es_ES-j/xVD1Fr95ecX.js, line 84: WEBGL_debug_renderer_info is deprecated in Firefox and will be removed. Please use RENDERER.
JavaScript warning: https://static.cdninstagram.com/rsrc.php/v4i1Au4/yr/l/es_ES-j/xVD1Fr95ecX.js, line 84: WEBGL_debug_renderer_info is deprecated in Firefox and will be removed. Please use RENDERER.
JavaScript warning: https://static.cdninstagram.com/rsrc.php/v4i1Au4/yr/l/es_ES-j/xVD1Fr95ecX.js, line 84: WEBGL_debug_renderer_info is deprecated in Firefox and will be removed. Please use RENDERER.
JavaScript warning: https://static.cdninstagram.com/rsrc.php/v4i1Au4/yr/l/es_ES-j/xVD1Fr95ecX.js, line 84: WEBGL_debug_renderer_info is deprecated in Firefox and will be removed. Please use RENDERER.
JavaScript warning: https://static.cdninstagram.com/rsrc.php/v4i1Au4/yr/l/es_ES-j/xVD1Fr95ecX.js, line 84: WEBGL_debug_renderer_info is deprecated in Firefox and will be removed. Please use RENDERER.
JavaScript warning: https://static.cdninstagram.com/rsrc.php/v4i1Au4/yr/l/es_ES-j/xVD1Fr95ecX.js, line 84: WEBGL_debug_renderer_info is deprecated in Firefox and will be removed. Please use RENDERER.
JavaScript warning: https://static.cdninstagram.com/rsrc.php/v4i1Au4/yr/l/es_ES-j/xVD1Fr95ecX.js, line 84: WEBGL_debug_renderer_info is deprecated in Firefox and will be removed. Please use RENDERER.
JavaScript warning: https://static.cdninstagram.com/rsrc.php/v4i1Au4/yr/l/es_ES-j/xVD1Fr95ecX.js, line 84: WEBGL_debug_renderer_info is deprecated in Firefox and will be removed. Please use RENDERER.
JavaScript warning: https://static.cdninstagram.com/rsrc.php/v4i1Au4/yr/l/es_ES-j/xVD1Fr95ecX.js, line 84: WEBGL_debug_renderer_info is deprecated in Firefox and will be removed. Please use RENDERER.
JavaScript warning: https://static.cdninstagram.com/rsrc.php/v4i1Au4/yr/l/es_ES-j/xVD1Fr95ecX.js, line 84: WEBGL_debug_renderer_info is deprecated in Firefox and will be removed. Please use RENDERER.
JavaScript warning: https://static.cdninstagram.com/rsrc.php/v4i1Au4/yr/l/es_ES-j/xVD1Fr95ecX.js, line 84: WEBGL_debug_renderer_info is deprecated in Firefox and will be removed. Please use RENDERER.
JavaScript warning: https://static.cdninstagram.com/rsrc.php/v4i1Au4/yr/l/es_ES-j/xVD1Fr95ecX.js, line 84: WEBGL_debug_renderer_info is deprecated in Firefox and will be removed. Please use RENDERER.
1754543191735	Marionette	INFO	Stopped listening on port 51916
JavaScript warning: https://static.cdninstagram.com/rsrc.php/v4/yu/r/0UGRluGY1rs.js, line 239: Script terminated by timeout at:
L/E<@https://static.cdninstagram.com/rsrc.php/v4/yu/r/0UGRluGY1rs.js:239:2395

1754583454777	geckodriver	INFO	Listening on 127.0.0.1:49644
1754583455273	mozrunner::runner	INFO	Running command: MOZ_CRASHREPORTER="1" MOZ_CRASHREPORTER_NO_REPORT="1" MOZ_CRASHREPORTER_SHUTDOWN="1" "/Applications/Firefox. ... s" "localhost" "-foreground" "-no-remote" "-profile" "/var/folders/45/_6zmnwkn6638scvzx_7pz4_m0000gn/T/rust_mozprofileKXNc6l"
console.warn: services.settings: Ignoring preference override of remote settings server
console.warn: services.settings: Allow by setting MOZ_REMOTE_SETTINGS_DEVTOOLS=1 in the environment
1754583455961	Marionette	INFO	Marionette enabled
console.error: "Warning: unrecognized command line flag" "-remote-allow-hosts"
1754583456697	Marionette	INFO	Listening on port 49657
Read port: 49657
WebDriver BiDi listening on ws://127.0.0.1:49645
1754583456889	RemoteAgent	WARN	TLS certificate errors will be ignored for this session
JavaScript warning: https://static.cdninstagram.com/rsrc.php/v4iwNk4/y7/l/es_ES/xVD1Fr95ecX.js, line 84: WEBGL_debug_renderer_info is deprecated in Firefox and will be removed. Please use RENDERER.
console.warn: LoginRecipes: "Falling back to a synchronous message for: https://www.instagram.com."
console.warn: LoginRecipes: "Falling back to a synchronous message for: https://www.instagram.com."
JavaScript warning: https://static.cdninstagram.com/rsrc.php/v4i1Au4/yr/l/es_ES-j/xVD1Fr95ecX.js, line 84: WEBGL_debug_renderer_info is deprecated in Firefox and will be removed. Please use RENDERER.
JavaScript warning: https://static.cdninstagram.com/rsrc.php/v4i1Au4/yr/l/es_ES-j/xVD1Fr95ecX.js, line 84: WEBGL_debug_renderer_info is deprecated in Firefox and will be removed. Please use RENDERER.
JavaScript warning: https://static.cdninstagram.com/rsrc.php/v4i1Au4/yr/l/es_ES-j/xVD1Fr95ecX.js, line 84: WEBGL_debug_renderer_info is deprecated in Firefox and will be removed. Please use RENDERER.
JavaScript warning: https://static.cdninstagram.com/rsrc.php/v4i1Au4/yr/l/es_ES-j/xVD1Fr95ecX.js, line 84: WEBGL_debug_renderer_info is deprecated in Firefox and will be removed. Please use RENDERER.
JavaScript warning: https://static.cdninstagram.com/rsrc.php/v4i1Au4/yr/l/es_ES-j/xVD1Fr95ecX.js, line 84: WEBGL_debug_renderer_info is deprecated in Firefox and will be removed. Please use RENDERER.
JavaScript warning: https://static.cdninstagram.com/rsrc.php/v4i1Au4/yr/l/es_ES-j/xVD1Fr95ecX.js, line 84: WEBGL_debug_renderer_info is deprecated in Firefox and will be removed. Please use RENDERER.
JavaScript warning: https://static.cdninstagram.com/rsrc.php/v4i1Au4/yr/l/es_ES-j/xVD1Fr95ecX.js, line 84: WEBGL_debug_renderer_info is deprecated in Firefox and will be removed. Please use RENDERER.
JavaScript warning: https://static.cdninstagram.com/rsrc.php/v4i1Au4/yr/l/es_ES-j/xVD1Fr95ecX.js, line 84: WEBGL_debug_renderer_info is deprecated in Firefox and will be removed. Please use RENDERER.
JavaScript warning: https://static.cdninstagram.com/rsrc.php/v4i1Au4/yr/l/es_ES-j/xVD1Fr95ecX.js, line 84: WEBGL_debug_renderer_info is deprecated in Firefox and will be removed. Please use RENDERER.
JavaScript warning: https://static.cdninstagram.com/rsrc.php/v4i1Au4/yr/l/es_ES-j/xVD1Fr95ecX.js, line 84: WEBGL_debug_renderer_info is deprecated in Firefox and will be removed. Please use RENDERER.
JavaScript warning: https://static.cdninstagram.com/rsrc.php/v4i1Au4/yr/l/es_ES-j/xVD1Fr95ecX.js, line 84: WEBGL_debug_renderer_info is deprecated in Firefox and will be removed. Please use RENDERER.
JavaScript warning: https://static.cdninstagram.com/rsrc.php/v4i1Au4/yr/l/es_ES-j/xVD1Fr95ecX.js, line 84: WEBGL_debug_renderer_info is deprecated in Firefox and will be removed. Please use RENDERER.
JavaScript warning: https://static.cdninstagram.com/rsrc.php/v4i1Au4/yr/l/es_ES-j/xVD1Fr95ecX.js, line 84: WEBGL_debug_renderer_info is deprecated in Firefox and will be removed. Please use RENDERER.
JavaScript warning: https://static.cdninstagram.com/rsrc.php/v4i1Au4/yr/l/es_ES-j/xVD1Fr95ecX.js, line 84: WEBGL_debug_renderer_info is deprecated in Firefox and will be removed. Please use RENDERER.
JavaScript warning: https://static.cdninstagram.com/rsrc.php/v4i1Au4/yr/l/es_ES-j/xVD1Fr95ecX.js, line 84: WEBGL_debug_renderer_info is deprecated in Firefox and will be removed. Please use RENDERER.
JavaScript warning: https://static.cdninstagram.com/rsrc.php/v4i1Au4/yr/l/es_ES-j/xVD1Fr95ecX.js, line 84: WEBGL_debug_renderer_info is deprecated in Firefox and will be removed. Please use RENDERER.
JavaScript warning: https://static.cdninstagram.com/rsrc.php/v4i1Au4/yr/l/es_ES-j/xVD1Fr95ecX.js, line 84: WEBGL_debug_renderer_info is deprecated in Firefox and will be removed. Please use RENDERER.
JavaScript warning: https://static.cdninstagram.com/rsrc.php/v4i1Au4/yr/l/es_ES-j/xVD1Fr95ecX.js, line 84: WEBGL_debug_renderer_info is deprecated in Firefox and will be removed. Please use RENDERER.
JavaScript warning: https://static.cdninstagram.com/rsrc.php/v4i1Au4/yr/l/es_ES-j/xVD1Fr95ecX.js, line 84: WEBGL_debug_renderer_info is deprecated in Firefox and will be removed. Please use RENDERER.
JavaScript warning: https://static.cdninstagram.com/rsrc.php/v4i1Au4/yr/l/es_ES-j/xVD1Fr95ecX.js, line 84: WEBGL_debug_renderer_info is deprecated in Firefox and will be removed. Please use RENDERER.
JavaScript error: resource:///modules/sessionstore/SessionStore.sys.mjs, line 3624: TypeError: this._windows[aWindow.__SSi] is undefined
1754604829342	geckodriver	INFO	Listening on 127.0.0.1:51881
1754604829854	mozrunner::runner	INFO	Running command: MOZ_CRASHREPORTER="1" MOZ_CRASHREPORTER_NO_REPORT="1" MOZ_CRASHREPORTER_SHUTDOWN="1" "/Applications/Firefox. ... s" "localhost" "-foreground" "-no-remote" "-profile" "/var/folders/45/_6zmnwkn6638scvzx_7pz4_m0000gn/T/rust_mozprofilea4RHqP"
console.warn: services.settings: Ignoring preference override of remote settings server
console.warn: services.settings: Allow by setting MOZ_REMOTE_SETTINGS_DEVTOOLS=1 in the environment
1754604830436	Marionette	INFO	Marionette enabled
console.error: "Warning: unrecognized command line flag" "-remote-allow-hosts"
1754604831089	Marionette	INFO	Listening on port 51893
WebDriver BiDi listening on ws://127.0.0.1:51882
Read port: 51893
1754604831311	RemoteAgent	WARN	TLS certificate errors will be ignored for this session
JavaScript warning: https://static.cdninstagram.com/rsrc.php/v4iwNk4/y7/l/es_ES/xVD1Fr95ecX.js, line 84: WEBGL_debug_renderer_info is deprecated in Firefox and will be removed. Please use RENDERER.
console.warn: LoginRecipes: "Falling back to a synchronous message for: https://www.instagram.com."
console.warn: LoginRecipes: "Falling back to a synchronous message for: https://www.instagram.com."
JavaScript warning: https://static.cdninstagram.com/rsrc.php/v4i1Au4/yr/l/es_ES-j/xVD1Fr95ecX.js, line 84: WEBGL_debug_renderer_info is deprecated in Firefox and will be removed. Please use RENDERER.
JavaScript warning: https://static.cdninstagram.com/rsrc.php/v4i1Au4/yr/l/es_ES-j/xVD1Fr95ecX.js, line 84: WEBGL_debug_renderer_info is deprecated in Firefox and will be removed. Please use RENDERER.
JavaScript warning: https://static.cdninstagram.com/rsrc.php/v4i1Au4/yr/l/es_ES-j/xVD1Fr95ecX.js, line 84: WEBGL_debug_renderer_info is deprecated in Firefox and will be removed. Please use RENDERER.
1754605561614	Marionette	INFO	Stopped listening on port 51893
JavaScript warning: https://static.cdninstagram.com/rsrc.php/v4/yS/r/Tk4D3z-XYWS.js, line 239: Script terminated by timeout at:
L/E<@https://static.cdninstagram.com/rsrc.php/v4/yS/r/Tk4D3z-XYWS.js:239:2395

1754607277233	geckodriver	INFO	Listening on 127.0.0.1:52570
1754607277748	mozrunner::runner	INFO	Running command: MOZ_CRASHREPORTER="1" MOZ_CRASHREPORTER_NO_REPORT="1" MOZ_CRASHREPORTER_SHUTDOWN="1" "/Applications/Firefox. ... s" "localhost" "-foreground" "-no-remote" "-profile" "/var/folders/45/_6zmnwkn6638scvzx_7pz4_m0000gn/T/rust_mozprofileoHRYj7"
console.warn: services.settings: Ignoring preference override of remote settings server
console.warn: services.settings: Allow by setting MOZ_REMOTE_SETTINGS_DEVTOOLS=1 in the environment
1754607278480	Marionette	INFO	Marionette enabled
console.error: "Warning: unrecognized command line flag" "-remote-allow-hosts"
1754607279234	Marionette	INFO	Listening on port 52580
WebDriver BiDi listening on ws://127.0.0.1:52571
Read port: 52580
1754607279470	RemoteAgent	WARN	TLS certificate errors will be ignored for this session
JavaScript warning: https://static.cdninstagram.com/rsrc.php/v4iwNk4/y7/l/es_ES/xVD1Fr95ecX.js, line 84: WEBGL_debug_renderer_info is deprecated in Firefox and will be removed. Please use RENDERER.
console.warn: LoginRecipes: "Falling back to a synchronous message for: https://www.instagram.com."
console.warn: LoginRecipes: "Falling back to a synchronous message for: https://www.instagram.com."
JavaScript warning: https://static.cdninstagram.com/rsrc.php/v4i1Au4/yr/l/es_ES-j/xVD1Fr95ecX.js, line 84: WEBGL_debug_renderer_info is deprecated in Firefox and will be removed. Please use RENDERER.
JavaScript warning: https://static.cdninstagram.com/rsrc.php/v4i1Au4/yr/l/es_ES-j/xVD1Fr95ecX.js, line 84: WEBGL_debug_renderer_info is deprecated in Firefox and will be removed. Please use RENDERER.
JavaScript warning: https://static.cdninstagram.com/rsrc.php/v4i1Au4/yr/l/es_ES-j/xVD1Fr95ecX.js, line 84: WEBGL_debug_renderer_info is deprecated in Firefox and will be removed. Please use RENDERER.
JavaScript warning: https://static.xx.fbcdn.net/rsrc.php/v4/yu/r/0UGRluGY1rs.js, line 76: Script terminated by timeout at:
c@https://static.xx.fbcdn.net/rsrc.php/v4/yu/r/0UGRluGY1rs.js:76:11072

JavaScript warning: https://static.cdninstagram.com/rsrc.php/v4i1Au4/yr/l/es_ES-j/xVD1Fr95ecX.js, line 84: WEBGL_debug_renderer_info is deprecated in Firefox and will be removed. Please use RENDERER.
JavaScript error: https://static.cdninstagram.com/rsrc.php/v4isa44/yA/l/es_ES-j/IAVvqz8lYly.js, line 359: NetworkTimeoutError: Network request timed out. PolarisPostChildCommentsQuery(29601055489508914)
JavaScript error: https://static.cdninstagram.com/rsrc.php/v4isa44/yA/l/es_ES-j/IAVvqz8lYly.js, line 359: NetworkTimeoutError: Network request timed out. PolarisPostChildCommentsQuery(29601055489508914)
JavaScript warning: https://static.cdninstagram.com/rsrc.php/v4i1Au4/yr/l/es_ES-j/xVD1Fr95ecX.js, line 84: WEBGL_debug_renderer_info is deprecated in Firefox and will be removed. Please use RENDERER.
JavaScript warning: https://static.cdninstagram.com/rsrc.php/v4i1Au4/yr/l/es_ES-j/xVD1Fr95ecX.js, line 84: WEBGL_debug_renderer_info is deprecated in Firefox and will be removed. Please use RENDERER.
JavaScript warning: https://static.cdninstagram.com/rsrc.php/v4i1Au4/yr/l/es_ES-j/xVD1Fr95ecX.js, line 84: WEBGL_debug_renderer_info is deprecated in Firefox and will be removed. Please use RENDERER.
JavaScript warning: https://static.cdninstagram.com/rsrc.php/v4i1Au4/yr/l/es_ES-j/xVD1Fr95ecX.js, line 84: WEBGL_debug_renderer_info is deprecated in Firefox and will be removed. Please use RENDERER.
JavaScript warning: https://static.cdninstagram.com/rsrc.php/v4i1Au4/yr/l/es_ES-j/xVD1Fr95ecX.js, line 84: WEBGL_debug_renderer_info is deprecated in Firefox and will be removed. Please use RENDERER.
JavaScript warning: https://static.cdninstagram.com/rsrc.php/v4i1Au4/yr/l/es_ES-j/xVD1Fr95ecX.js, line 84: WEBGL_debug_renderer_info is deprecated in Firefox and will be removed. Please use RENDERER.
JavaScript warning: https://static.cdninstagram.com/rsrc.php/v4i1Au4/yr/l/es_ES-j/xVD1Fr95ecX.js, line 84: WEBGL_debug_renderer_info is deprecated in Firefox and will be removed. Please use RENDERER.
JavaScript warning: https://static.cdninstagram.com/rsrc.php/v4i1Au4/yr/l/es_ES-j/xVD1Fr95ecX.js, line 84: WEBGL_debug_renderer_info is deprecated in Firefox and will be removed. Please use RENDERER.
JavaScript warning: https://static.cdninstagram.com/rsrc.php/v4i1Au4/yr/l/es_ES-j/xVD1Fr95ecX.js, line 84: WEBGL_debug_renderer_info is deprecated in Firefox and will be removed. Please use RENDERER.
JavaScript warning: https://static.cdninstagram.com/rsrc.php/v4i1Au4/yr/l/es_ES-j/xVD1Fr95ecX.js, line 84: WEBGL_debug_renderer_info is deprecated in Firefox and will be removed. Please use RENDERER.
1754611459452	Marionette	INFO	Stopped listening on port 52580
JavaScript warning: https://static.cdninstagram.com/rsrc.php/v4/yS/r/Tk4D3z-XYWS.js, line 239: Script terminated by timeout at:
L/E<@https://static.cdninstagram.com/rsrc.php/v4/yS/r/Tk4D3z-XYWS.js:239:2395

